This is XeTeX, Version 3.141592653-2.6-0.999996 (MiKTeX 24.4) (preloaded format=xelatex 2024.7.24)  19 SEP 2025 09:34
entering extended mode
 restricted \write18 enabled.
 file:line:error style messages enabled.
 %&-line parsing enabled.
**./solution.tex
(solution.tex
LaTeX2e <2024-06-01>
L3 programming layer <2024-05-08>
(/home/ali/.miktex/texmfs/install/tex/latex/base/article.cls
Document Class: article 2024/02/08 v1.4n Standard LaTeX document class
(/home/ali/.miktex/texmfs/install/tex/latex/base/size10.clo
File: size10.clo 2024/02/08 v1.4n Standard LaTeX file (size option)
)
\c@part=\count190
\c@section=\count191
\c@subsection=\count192
\c@subsubsection=\count193
\c@paragraph=\count194
\c@subparagraph=\count195
\c@figure=\count196
\c@table=\count197
\abovecaptionskip=\skip49
\belowcaptionskip=\skip50
\bibindent=\dimen141
)
(/home/ali/.miktex/texmfs/install/tex/latex/geometry/geometry.sty
Package: geometry 2020/01/02 v5.9 Page Geometry

(/home/ali/.miktex/texmfs/install/tex/latex/graphics/keyval.sty
Package: keyval 2022/05/29 v1.15 key=value parser (DPC)
\KV@toks@=\toks17
)
(/home/ali/.miktex/texmfs/install/tex/generic/iftex/ifvtex.sty
Package: ifvtex 2019/10/25 v1.7 ifvtex legacy package. Use iftex instead.

(/home/ali/.miktex/texmfs/install/tex/generic/iftex/iftex.sty
Package: iftex 2022/02/03 v1.0f TeX engine tests
))
\Gm@cnth=\count198
\Gm@cntv=\count199
\c@Gm@tempcnt=\count266
\Gm@bindingoffset=\dimen142
\Gm@wd@mp=\dimen143
\Gm@odd@mp=\dimen144
\Gm@even@mp=\dimen145
\Gm@layoutwidth=\dimen146
\Gm@layoutheight=\dimen147
\Gm@layouthoffset=\dimen148
\Gm@layoutvoffset=\dimen149
\Gm@dimlist=\toks18

(/home/ali/.miktex/texmfs/install/tex/latex/geometry/geometry.cfg))
(/home/ali/.miktex/texmfs/install/tex/latex/amsmath/amsmath.sty
Package: amsmath 2023/05/13 v2.17o AMS math features
\@mathmargin=\skip51

For additional information on amsmath, use the `?' option.
(/home/ali/.miktex/texmfs/install/tex/latex/amsmath/amstext.sty
Package: amstext 2021/08/26 v2.01 AMS text

(/home/ali/.miktex/texmfs/install/tex/latex/amsmath/amsgen.sty
File: amsgen.sty 1999/11/30 v2.0 generic functions
\@emptytoks=\toks19
\ex@=\dimen150
))
(/home/ali/.miktex/texmfs/install/tex/latex/amsmath/amsbsy.sty
Package: amsbsy 1999/11/29 v1.2d Bold Symbols
\pmbraise@=\dimen151
)
(/home/ali/.miktex/texmfs/install/tex/latex/amsmath/amsopn.sty
Package: amsopn 2022/04/08 v2.04 operator names
)
\inf@bad=\count267
LaTeX Info: Redefining \frac on input line 234.
\uproot@=\count268
\leftroot@=\count269
LaTeX Info: Redefining \overline on input line 399.
LaTeX Info: Redefining \colon on input line 410.
\classnum@=\count270
\DOTSCASE@=\count271
LaTeX Info: Redefining \ldots on input line 496.
LaTeX Info: Redefining \dots on input line 499.
LaTeX Info: Redefining \cdots on input line 620.
\Mathstrutbox@=\box52
\strutbox@=\box53
LaTeX Info: Redefining \big on input line 722.
LaTeX Info: Redefining \Big on input line 723.
LaTeX Info: Redefining \bigg on input line 724.
LaTeX Info: Redefining \Bigg on input line 725.
\big@size=\dimen152
LaTeX Font Info:    Redeclaring font encoding OML on input line 743.
LaTeX Font Info:    Redeclaring font encoding OMS on input line 744.
\macc@depth=\count272
LaTeX Info: Redefining \bmod on input line 905.
LaTeX Info: Redefining \pmod on input line 910.
LaTeX Info: Redefining \smash on input line 940.
LaTeX Info: Redefining \relbar on input line 970.
LaTeX Info: Redefining \Relbar on input line 971.
\c@MaxMatrixCols=\count273
\dotsspace@=\muskip17
\c@parentequation=\count274
\dspbrk@lvl=\count275
\tag@help=\toks20
\row@=\count276
\column@=\count277
\maxfields@=\count278
\andhelp@=\toks21
\eqnshift@=\dimen153
\alignsep@=\dimen154
\tagshift@=\dimen155
\tagwidth@=\dimen156
\totwidth@=\dimen157
\lineht@=\dimen158
\@envbody=\toks22
\multlinegap=\skip52
\multlinetaggap=\skip53
\mathdisplay@stack=\toks23
LaTeX Info: Redefining \[ on input line 2953.
LaTeX Info: Redefining \] on input line 2954.
)
(/home/ali/.miktex/texmfs/install/tex/latex/amsfonts/amssymb.sty
Package: amssymb 2013/01/14 v3.01 AMS font symbols

(/home/ali/.miktex/texmfs/install/tex/latex/amsfonts/amsfonts.sty
Package: amsfonts 2013/01/14 v3.01 Basic AMSFonts support
\symAMSa=\mathgroup4
\symAMSb=\mathgroup5
LaTeX Font Info:    Redeclaring math symbol \hbar on input line 98.
LaTeX Font Info:    Overwriting math alphabet `\mathfrak' in version `bold'
(Font)                  U/euf/m/n --> U/euf/b/n on input line 106.
))
(/home/ali/.miktex/texmfs/install/tex/latex/mathtools/mathtools.sty
Package: mathtools 2024/03/11 v1.30 mathematical typesetting tools

(/home/ali/.miktex/texmfs/install/tex/latex/tools/calc.sty
Package: calc 2023/07/08 v4.3 Infix arithmetic (KKT,FJ)
\calc@Acount=\count279
\calc@Bcount=\count280
\calc@Adimen=\dimen159
\calc@Bdimen=\dimen160
\calc@Askip=\skip54
\calc@Bskip=\skip55
LaTeX Info: Redefining \setlength on input line 80.
LaTeX Info: Redefining \addtolength on input line 81.
\calc@Ccount=\count281
\calc@Cskip=\skip56
)
(/home/ali/.miktex/texmfs/install/tex/latex/mathtools/mhsetup.sty
Package: mhsetup 2021/03/18 v1.4 programming setup (MH)
)
\g_MT_multlinerow_int=\count282
\l_MT_multwidth_dim=\dimen161
\origjot=\skip57
\l_MT_shortvdotswithinadjustabove_dim=\dimen162
\l_MT_shortvdotswithinadjustbelow_dim=\dimen163
\l_MT_above_intertext_sep=\dimen164
\l_MT_below_intertext_sep=\dimen165
\l_MT_above_shortintertext_sep=\dimen166
\l_MT_below_shortintertext_sep=\dimen167
\xmathstrut@box=\box54
\xmathstrut@dim=\dimen168
)
(/home/ali/.miktex/texmfs/install/tex/latex/fancyhdr/fancyhdr.sty
Package: fancyhdr 2024/04/23 v4.2 Extensive control of page headers and footers

\f@nch@headwidth=\skip58
\f@nch@O@elh=\skip59
\f@nch@O@erh=\skip60
\f@nch@O@olh=\skip61
\f@nch@O@orh=\skip62
\f@nch@O@elf=\skip63
\f@nch@O@erf=\skip64
\f@nch@O@olf=\skip65
\f@nch@O@orf=\skip66
)
(/home/ali/.miktex/texmfs/install/tex/latex/pgf/frontendlayer/tikz.sty
(/home/ali/.miktex/texmfs/install/tex/latex/pgf/basiclayer/pgf.sty
(/home/ali/.miktex/texmfs/install/tex/latex/pgf/utilities/pgfrcs.sty
(/home/ali/.miktex/texmfs/install/tex/generic/pgf/utilities/pgfutil-common.tex
\pgfutil@everybye=\toks24
\pgfutil@tempdima=\dimen169
\pgfutil@tempdimb=\dimen170
) (/home/ali/.miktex/texmfs/install/tex/generic/pgf/utilities/pgfutil-latex.def
\pgfutil@abb=\box55
) (/home/ali/.miktex/texmfs/install/tex/generic/pgf/utilities/pgfrcs.code.tex
(/home/ali/.miktex/texmfs/install/tex/generic/pgf/pgf.revision.tex)
Package: pgfrcs 2023-01-15 v3.1.10 (3.1.10)
))
Package: pgf 2023-01-15 v3.1.10 (3.1.10)

(/home/ali/.miktex/texmfs/install/tex/latex/pgf/basiclayer/pgfcore.sty
(/home/ali/.miktex/texmfs/install/tex/latex/graphics/graphicx.sty
Package: graphicx 2021/09/16 v1.2d Enhanced LaTeX Graphics (DPC,SPQR)

(/home/ali/.miktex/texmfs/install/tex/latex/graphics/graphics.sty
Package: graphics 2022/03/10 v1.4e Standard LaTeX Graphics (DPC,SPQR)

(/home/ali/.miktex/texmfs/install/tex/latex/graphics/trig.sty
Package: trig 2021/08/11 v1.11 sin cos tan (DPC)
)
(/home/ali/.miktex/texmfs/install/tex/latex/graphics-cfg/graphics.cfg
File: graphics.cfg 2016/06/04 v1.11 sample graphics configuration
)
Package graphics Info: Driver file: xetex.def on input line 107.

(/home/ali/.miktex/texmfs/install/tex/latex/graphics-def/xetex.def
File: xetex.def 2022/09/22 v5.0n Graphics/color driver for xetex
))
\Gin@req@height=\dimen171
\Gin@req@width=\dimen172
)
(/home/ali/.miktex/texmfs/install/tex/latex/pgf/systemlayer/pgfsys.sty
(/home/ali/.miktex/texmfs/install/tex/generic/pgf/systemlayer/pgfsys.code.tex
Package: pgfsys 2023-01-15 v3.1.10 (3.1.10)

(/home/ali/.miktex/texmfs/install/tex/generic/pgf/utilities/pgfkeys.code.tex
\pgfkeys@pathtoks=\toks25
\pgfkeys@temptoks=\toks26

(/home/ali/.miktex/texmfs/install/tex/generic/pgf/utilities/pgfkeyslibraryfilte
red.code.tex
\pgfkeys@tmptoks=\toks27
))
\pgf@x=\dimen173
\pgf@y=\dimen174
\pgf@xa=\dimen175
\pgf@ya=\dimen176
\pgf@xb=\dimen177
\pgf@yb=\dimen178
\pgf@xc=\dimen179
\pgf@yc=\dimen180
\pgf@xd=\dimen181
\pgf@yd=\dimen182
\w@pgf@writea=\write3
\r@pgf@reada=\read2
\c@pgf@counta=\count283
\c@pgf@countb=\count284
\c@pgf@countc=\count285
\c@pgf@countd=\count286
\t@pgf@toka=\toks28
\t@pgf@tokb=\toks29
\t@pgf@tokc=\toks30
\pgf@sys@id@count=\count287

(/home/ali/.miktex/texmfs/install/tex/generic/pgf/systemlayer/pgf.cfg
File: pgf.cfg 2023-01-15 v3.1.10 (3.1.10)
)
Driver file for pgf: pgfsys-xetex.def

(/home/ali/.miktex/texmfs/install/tex/generic/pgf/systemlayer/pgfsys-xetex.def
File: pgfsys-xetex.def 2023-01-15 v3.1.10 (3.1.10)

(/home/ali/.miktex/texmfs/install/tex/generic/pgf/systemlayer/pgfsys-dvipdfmx.d
ef
File: pgfsys-dvipdfmx.def 2023-01-15 v3.1.10 (3.1.10)

(/home/ali/.miktex/texmfs/install/tex/generic/pgf/systemlayer/pgfsys-common-pdf
.def
File: pgfsys-common-pdf.def 2023-01-15 v3.1.10 (3.1.10)
)
\pgfsys@objnum=\count288
)))
(/home/ali/.miktex/texmfs/install/tex/generic/pgf/systemlayer/pgfsyssoftpath.co
de.tex
File: pgfsyssoftpath.code.tex 2023-01-15 v3.1.10 (3.1.10)
\pgfsyssoftpath@smallbuffer@items=\count289
\pgfsyssoftpath@bigbuffer@items=\count290
)
(/home/ali/.miktex/texmfs/install/tex/generic/pgf/systemlayer/pgfsysprotocol.co
de.tex
File: pgfsysprotocol.code.tex 2023-01-15 v3.1.10 (3.1.10)
)) (/home/ali/.miktex/texmfs/install/tex/latex/xcolor/xcolor.sty
Package: xcolor 2023/11/15 v3.01 LaTeX color extensions (UK)

(/home/ali/.miktex/texmfs/install/tex/latex/graphics-cfg/color.cfg
File: color.cfg 2016/01/02 v1.6 sample color configuration
)
Package xcolor Info: Driver file: xetex.def on input line 274.

(/home/ali/.miktex/texmfs/install/tex/latex/graphics/mathcolor.ltx)
Package xcolor Info: Model `cmy' substituted by `cmy0' on input line 1350.
Package xcolor Info: Model `RGB' extended on input line 1366.
Package xcolor Info: Model `HTML' substituted by `rgb' on input line 1368.
Package xcolor Info: Model `Hsb' substituted by `hsb' on input line 1369.
Package xcolor Info: Model `tHsb' substituted by `hsb' on input line 1370.
Package xcolor Info: Model `HSB' substituted by `hsb' on input line 1371.
Package xcolor Info: Model `Gray' substituted by `gray' on input line 1372.
Package xcolor Info: Model `wave' substituted by `hsb' on input line 1373.
)
(/home/ali/.miktex/texmfs/install/tex/generic/pgf/basiclayer/pgfcore.code.tex
Package: pgfcore 2023-01-15 v3.1.10 (3.1.10)

(/home/ali/.miktex/texmfs/install/tex/generic/pgf/math/pgfmath.code.tex
(/home/ali/.miktex/texmfs/install/tex/generic/pgf/math/pgfmathutil.code.tex)
(/home/ali/.miktex/texmfs/install/tex/generic/pgf/math/pgfmathparser.code.tex
\pgfmath@dimen=\dimen183
\pgfmath@count=\count291
\pgfmath@box=\box56
\pgfmath@toks=\toks31
\pgfmath@stack@operand=\toks32
\pgfmath@stack@operation=\toks33
)
(/home/ali/.miktex/texmfs/install/tex/generic/pgf/math/pgfmathfunctions.code.te
x)
(/home/ali/.miktex/texmfs/install/tex/generic/pgf/math/pgfmathfunctions.basic.c
ode.tex)
(/home/ali/.miktex/texmfs/install/tex/generic/pgf/math/pgfmathfunctions.trigono
metric.code.tex)
(/home/ali/.miktex/texmfs/install/tex/generic/pgf/math/pgfmathfunctions.random.
code.tex)
(/home/ali/.miktex/texmfs/install/tex/generic/pgf/math/pgfmathfunctions.compari
son.code.tex)
(/home/ali/.miktex/texmfs/install/tex/generic/pgf/math/pgfmathfunctions.base.co
de.tex)
(/home/ali/.miktex/texmfs/install/tex/generic/pgf/math/pgfmathfunctions.round.c
ode.tex)
(/home/ali/.miktex/texmfs/install/tex/generic/pgf/math/pgfmathfunctions.misc.co
de.tex)
(/home/ali/.miktex/texmfs/install/tex/generic/pgf/math/pgfmathfunctions.integer
arithmetics.code.tex)
(/home/ali/.miktex/texmfs/install/tex/generic/pgf/math/pgfmathcalc.code.tex)
(/home/ali/.miktex/texmfs/install/tex/generic/pgf/math/pgfmathfloat.code.tex
\c@pgfmathroundto@lastzeros=\count292
))
(/home/ali/.miktex/texmfs/install/tex/generic/pgf/math/pgfint.code.tex)
(/home/ali/.miktex/texmfs/install/tex/generic/pgf/basiclayer/pgfcorepoints.code
.tex
File: pgfcorepoints.code.tex 2023-01-15 v3.1.10 (3.1.10)
\pgf@picminx=\dimen184
\pgf@picmaxx=\dimen185
\pgf@picminy=\dimen186
\pgf@picmaxy=\dimen187
\pgf@pathminx=\dimen188
\pgf@pathmaxx=\dimen189
\pgf@pathminy=\dimen190
\pgf@pathmaxy=\dimen191
\pgf@xx=\dimen192
\pgf@xy=\dimen193
\pgf@yx=\dimen194
\pgf@yy=\dimen195
\pgf@zx=\dimen196
\pgf@zy=\dimen197
)
(/home/ali/.miktex/texmfs/install/tex/generic/pgf/basiclayer/pgfcorepathconstru
ct.code.tex
File: pgfcorepathconstruct.code.tex 2023-01-15 v3.1.10 (3.1.10)
\pgf@path@lastx=\dimen198
\pgf@path@lasty=\dimen199
)
(/home/ali/.miktex/texmfs/install/tex/generic/pgf/basiclayer/pgfcorepathusage.c
ode.tex
File: pgfcorepathusage.code.tex 2023-01-15 v3.1.10 (3.1.10)
\pgf@shorten@end@additional=\dimen256
\pgf@shorten@start@additional=\dimen257
)
(/home/ali/.miktex/texmfs/install/tex/generic/pgf/basiclayer/pgfcorescopes.code
.tex
File: pgfcorescopes.code.tex 2023-01-15 v3.1.10 (3.1.10)
\pgfpic=\box57
\pgf@hbox=\box58
\pgf@layerbox@main=\box59
\pgf@picture@serial@count=\count293
)
(/home/ali/.miktex/texmfs/install/tex/generic/pgf/basiclayer/pgfcoregraphicstat
e.code.tex
File: pgfcoregraphicstate.code.tex 2023-01-15 v3.1.10 (3.1.10)
\pgflinewidth=\dimen258
)
(/home/ali/.miktex/texmfs/install/tex/generic/pgf/basiclayer/pgfcoretransformat
ions.code.tex
File: pgfcoretransformations.code.tex 2023-01-15 v3.1.10 (3.1.10)
\pgf@pt@x=\dimen259
\pgf@pt@y=\dimen260
\pgf@pt@temp=\dimen261
)
(/home/ali/.miktex/texmfs/install/tex/generic/pgf/basiclayer/pgfcorequick.code.
tex
File: pgfcorequick.code.tex 2023-01-15 v3.1.10 (3.1.10)
)
(/home/ali/.miktex/texmfs/install/tex/generic/pgf/basiclayer/pgfcoreobjects.cod
e.tex
File: pgfcoreobjects.code.tex 2023-01-15 v3.1.10 (3.1.10)
)
(/home/ali/.miktex/texmfs/install/tex/generic/pgf/basiclayer/pgfcorepathprocess
ing.code.tex
File: pgfcorepathprocessing.code.tex 2023-01-15 v3.1.10 (3.1.10)
)
(/home/ali/.miktex/texmfs/install/tex/generic/pgf/basiclayer/pgfcorearrows.code
.tex
File: pgfcorearrows.code.tex 2023-01-15 v3.1.10 (3.1.10)
\pgfarrowsep=\dimen262
)
(/home/ali/.miktex/texmfs/install/tex/generic/pgf/basiclayer/pgfcoreshade.code.
tex
File: pgfcoreshade.code.tex 2023-01-15 v3.1.10 (3.1.10)
\pgf@max=\dimen263
\pgf@sys@shading@range@num=\count294
\pgf@shadingcount=\count295
)
(/home/ali/.miktex/texmfs/install/tex/generic/pgf/basiclayer/pgfcoreimage.code.
tex
File: pgfcoreimage.code.tex 2023-01-15 v3.1.10 (3.1.10)
)
(/home/ali/.miktex/texmfs/install/tex/generic/pgf/basiclayer/pgfcoreexternal.co
de.tex
File: pgfcoreexternal.code.tex 2023-01-15 v3.1.10 (3.1.10)
\pgfexternal@startupbox=\box60
)
(/home/ali/.miktex/texmfs/install/tex/generic/pgf/basiclayer/pgfcorelayers.code
.tex
File: pgfcorelayers.code.tex 2023-01-15 v3.1.10 (3.1.10)
)
(/home/ali/.miktex/texmfs/install/tex/generic/pgf/basiclayer/pgfcoretransparenc
y.code.tex
File: pgfcoretransparency.code.tex 2023-01-15 v3.1.10 (3.1.10)
)
(/home/ali/.miktex/texmfs/install/tex/generic/pgf/basiclayer/pgfcorepatterns.co
de.tex
File: pgfcorepatterns.code.tex 2023-01-15 v3.1.10 (3.1.10)
)
(/home/ali/.miktex/texmfs/install/tex/generic/pgf/basiclayer/pgfcorerdf.code.te
x
File: pgfcorerdf.code.tex 2023-01-15 v3.1.10 (3.1.10)
)))
(/home/ali/.miktex/texmfs/install/tex/generic/pgf/modules/pgfmoduleshapes.code.
tex
File: pgfmoduleshapes.code.tex 2023-01-15 v3.1.10 (3.1.10)
\pgfnodeparttextbox=\box61
)
(/home/ali/.miktex/texmfs/install/tex/generic/pgf/modules/pgfmoduleplot.code.te
x
File: pgfmoduleplot.code.tex 2023-01-15 v3.1.10 (3.1.10)
)
(/home/ali/.miktex/texmfs/install/tex/latex/pgf/compatibility/pgfcomp-version-0
-65.sty
Package: pgfcomp-version-0-65 2023-01-15 v3.1.10 (3.1.10)
\pgf@nodesepstart=\dimen264
\pgf@nodesepend=\dimen265
)
(/home/ali/.miktex/texmfs/install/tex/latex/pgf/compatibility/pgfcomp-version-1
-18.sty
Package: pgfcomp-version-1-18 2023-01-15 v3.1.10 (3.1.10)
)) (/home/ali/.miktex/texmfs/install/tex/latex/pgf/utilities/pgffor.sty
(/home/ali/.miktex/texmfs/install/tex/latex/pgf/utilities/pgfkeys.sty
(/home/ali/.miktex/texmfs/install/tex/generic/pgf/utilities/pgfkeys.code.tex))
(/home/ali/.miktex/texmfs/install/tex/latex/pgf/math/pgfmath.sty
(/home/ali/.miktex/texmfs/install/tex/generic/pgf/math/pgfmath.code.tex))
(/home/ali/.miktex/texmfs/install/tex/generic/pgf/utilities/pgffor.code.tex
Package: pgffor 2023-01-15 v3.1.10 (3.1.10)
\pgffor@iter=\dimen266
\pgffor@skip=\dimen267
\pgffor@stack=\toks34
\pgffor@toks=\toks35
))
(/home/ali/.miktex/texmfs/install/tex/generic/pgf/frontendlayer/tikz/tikz.code.
tex
Package: tikz 2023-01-15 v3.1.10 (3.1.10)

(/home/ali/.miktex/texmfs/install/tex/generic/pgf/libraries/pgflibraryplothandl
ers.code.tex
File: pgflibraryplothandlers.code.tex 2023-01-15 v3.1.10 (3.1.10)
\pgf@plot@mark@count=\count296
\pgfplotmarksize=\dimen268
)
\tikz@lastx=\dimen269
\tikz@lasty=\dimen270
\tikz@lastxsaved=\dimen271
\tikz@lastysaved=\dimen272
\tikz@lastmovetox=\dimen273
\tikz@lastmovetoy=\dimen274
\tikzleveldistance=\dimen275
\tikzsiblingdistance=\dimen276
\tikz@figbox=\box62
\tikz@figbox@bg=\box63
\tikz@tempbox=\box64
\tikz@tempbox@bg=\box65
\tikztreelevel=\count297
\tikznumberofchildren=\count298
\tikznumberofcurrentchild=\count299
\tikz@fig@count=\count300

(/home/ali/.miktex/texmfs/install/tex/generic/pgf/modules/pgfmodulematrix.code.
tex
File: pgfmodulematrix.code.tex 2023-01-15 v3.1.10 (3.1.10)
\pgfmatrixcurrentrow=\count301
\pgfmatrixcurrentcolumn=\count302
\pgf@matrix@numberofcolumns=\count303
)
\tikz@expandcount=\count304

(/home/ali/.miktex/texmfs/install/tex/generic/pgf/frontendlayer/tikz/libraries/
tikzlibrarytopaths.code.tex
File: tikzlibrarytopaths.code.tex 2023-01-15 v3.1.10 (3.1.10)
)))
(/home/ali/.miktex/texmfs/install/tex/latex/cancel/cancel.sty
Package: cancel 2013/04/12 v2.2 Cancel math terms
)
(/home/ali/.miktex/texmfs/install/tex/latex/enumitem/enumitem.sty
Package: enumitem 2019/06/20 v3.9 Customized lists
\labelindent=\skip67
\enit@outerparindent=\dimen277
\enit@toks=\toks36
\enit@inbox=\box66
\enit@count@id=\count305
\enitdp@description=\count306
)
(/home/ali/.miktex/texmfs/install/tex/latex/lastpage/lastpage.sty
Package: lastpage 2024/04/27 v2.1a lastpage: 2.09 or 2e? (HMM)

(/home/ali/.miktex/texmfs/install/tex/latex/lastpage/lastpage2e.sty
Package: lastpage2e 2024/04/27 v2.1a Decide which 2e lastpage version to use (H
MM)

(/home/ali/.miktex/texmfs/install/tex/latex/lastpage/lastpagemodern.sty
Package: lastpagemodern 2024-04-27 v2.1a Refers to last page's name (HMM; JPG)
\c@lastpagecount=\count307
) 
)) (/home/ali/.miktex/texmfs/install/tex/latex/libertinus/libertinus.sty
Package: libertinus 2020/05/06 v. 0.02 (Herbert Voss) Supports libertinus fonts
 for pdflatex/lualatex/xelatex

(/home/ali/.miktex/texmfs/install/tex/latex/xkeyval/xkeyval.sty
Package: xkeyval 2022/06/16 v2.9 package option processing (HA)

(/home/ali/.miktex/texmfs/install/tex/generic/xkeyval/xkeyval.tex
(/home/ali/.miktex/texmfs/install/tex/generic/xkeyval/xkvutils.tex
\XKV@toks=\toks37
\XKV@tempa@toks=\toks38
)
\XKV@depth=\count308
File: xkeyval.tex 2014/12/03 v2.7a key=value parser (HA)
))
(/home/ali/.miktex/texmfs/install/tex/latex/libertinus-otf/libertinus-otf.sty
Package: libertinus-otf 2025/06/27 v. 0.33 (Herbert Voss) Supports libertinus f
onts for lualatex and xelatex.

(/home/ali/.miktex/texmfs/install/tex/latex/unicode-math/unicode-math.sty
(/home/ali/.miktex/texmfs/install/tex/latex/l3kernel/expl3.sty
Package: expl3 2024-05-08 L3 programming layer (loader) 

(/home/ali/.miktex/texmfs/install/tex/latex/l3backend/l3backend-xetex.def
File: l3backend-xetex.def 2024-05-08 L3 backend support: XeTeX
\g__graphics_track_int=\count309
\l__pdf_internal_box=\box67
\g__pdf_backend_annotation_int=\count310
\g__pdf_backend_link_int=\count311
))
Package: unicode-math 2023/08/13 v0.8r Unicode maths in XeLaTeX and LuaLaTeX

(/home/ali/.miktex/texmfs/install/tex/latex/unicode-math/unicode-math-xetex.sty
Package: unicode-math-xetex 2023/08/13 v0.8r Unicode maths in XeLaTeX and LuaLa
TeX
(/home/ali/.miktex/texmfs/install/tex/latex/l3packages/xparse/xparse.sty
Package: xparse 2024-05-08 L3 Experimental document command parser
)
(/home/ali/.miktex/texmfs/install/tex/latex/l3packages/l3keys2e/l3keys2e.sty
Package: l3keys2e 2024-05-08 LaTeX2e option processing using LaTeX3 keys
)
(/home/ali/.miktex/texmfs/install/tex/latex/fontspec/fontspec.sty
Package: fontspec 2024/05/11 v2.9e Font selection for XeLaTeX and LuaLaTeX

(/home/ali/.miktex/texmfs/install/tex/latex/fontspec/fontspec-xetex.sty
Package: fontspec-xetex 2024/05/11 v2.9e Font selection for XeLaTeX and LuaLaTe
X
\l__fontspec_script_int=\count312
\l__fontspec_language_int=\count313
\l__fontspec_strnum_int=\count314
\l__fontspec_tmp_int=\count315
\l__fontspec_tmpa_int=\count316
\l__fontspec_tmpb_int=\count317
\l__fontspec_tmpc_int=\count318
\l__fontspec_em_int=\count319
\l__fontspec_emdef_int=\count320
\l__fontspec_strong_int=\count321
\l__fontspec_strongdef_int=\count322
\l__fontspec_tmpa_dim=\dimen278
\l__fontspec_tmpb_dim=\dimen279
\l__fontspec_tmpc_dim=\dimen280

(/home/ali/.miktex/texmfs/install/tex/latex/base/fontenc.sty
Package: fontenc 2021/04/29 v2.0v Standard LaTeX package
)
(/home/ali/.miktex/texmfs/install/tex/latex/fontspec/fontspec.cfg)))
(/home/ali/.miktex/texmfs/install/tex/latex/base/fix-cm.sty
Package: fix-cm 2020/11/24 v1.1t fixes to LaTeX

(/home/ali/.miktex/texmfs/install/tex/latex/base/ts1enc.def
File: ts1enc.def 2001/06/05 v3.0e (jk/car/fm) Standard LaTeX file
LaTeX Font Info:    Redeclaring font encoding TS1 on input line 47.
))
\g__um_fam_int=\count323
\g__um_fonts_used_int=\count324
\l__um_primecount_int=\count325
\g__um_primekern_muskip=\muskip18

(/home/ali/.miktex/texmfs/install/tex/latex/unicode-math/unicode-math-table.tex
)))
Requested font "[LibertinusSerif-Regular.otf]/OT" at 9.99997pt
 -> /home/ali/.miktex/texmfs/install/fonts/opentype/public/libertinus-fonts/Lib
ertinusSerif-Regular.otf
Requested font "[LibertinusSerif-Regular.otf]/OT" at 10.00003pt
 -> /home/ali/.miktex/texmfs/install/fonts/opentype/public/libertinus-fonts/Lib
ertinusSerif-Regular.otf
Requested font "[LibertinusSerif-Regular.otf]/OT:script=latn;language=dflt;" at
 10.00003pt
 -> /home/ali/.miktex/texmfs/install/fonts/opentype/public/libertinus-fonts/Lib
ertinusSerif-Regular.otf
Requested font "[LibertinusSerif-Bold.otf]/OT:script=latn;language=dflt;" at 10
.00003pt
 -> /home/ali/.miktex/texmfs/install/fonts/opentype/public/libertinus-fonts/Lib
ertinusSerif-Bold.otf
Requested font "[LibertinusSerif-Italic.otf]/OT:script=latn;language=dflt;" at 
10.00003pt
 -> /home/ali/.miktex/texmfs/install/fonts/opentype/public/libertinus-fonts/Lib
ertinusSerif-Italic.otf
Requested font "[LibertinusSerif-BoldItalic.otf]/OT:script=latn;language=dflt;"
 at 10.00003pt
 -> /home/ali/.miktex/texmfs/install/fonts/opentype/public/libertinus-fonts/Lib
ertinusSerif-BoldItalic.otf
LaTeX Font Info:    Overwriting math alphabet `\mathrm' in version `normal'
(Font)                  OT1/cmr/m/n --> TU/LibertinusSerif(1)/m/n on input line
 240.
LaTeX Font Info:    Overwriting math alphabet `\mathit' in version `normal'
(Font)                  OT1/cmr/m/it --> TU/LibertinusSerif(1)/m/it on input li
ne 240.
LaTeX Font Info:    Overwriting math alphabet `\mathbf' in version `normal'
(Font)                  OT1/cmr/bx/n --> TU/LibertinusSerif(1)/b/n on input lin
e 240.
LaTeX Font Info:    Font shape `TU/LibertinusSerif(0)/m/n' will be
(Font)              scaled to size 10.0pt on input line 240.
Requested font "[LibertinusSerif-Regular.otf]/OT:script=latn;language=dflt;+hv-
kern;+tnum;+lnum;mapping=tex-text;" at 10.0pt
 -> /home/ali/.miktex/texmfs/install/fonts/opentype/public/libertinus-fonts/Lib
ertinusSerif-Regular.otf
Requested font "[LibertinusSerif-Semibold.otf]/OT:script=latn;language=dflt;" a
t 10.00003pt
 -> /home/ali/.miktex/texmfs/install/fonts/opentype/public/libertinus-fonts/Lib
ertinusSerif-Semibold.otf
Requested font "[LibertinusSerif-SemiboldItalic.otf]/OT:script=latn;language=df
lt;" at 10.00003pt
 -> /home/ali/.miktex/texmfs/install/fonts/opentype/public/libertinus-fonts/Lib
ertinusSerif-SemiboldItalic.otf
Requested font "[LibertinusSans-Regular.otf]/OT" at 9.99997pt
 -> /home/ali/.miktex/texmfs/install/fonts/opentype/public/libertinus-fonts/Lib
ertinusSans-Regular.otf
Requested font "[LibertinusSans-Regular.otf]/OT" at 10.00003pt
 -> /home/ali/.miktex/texmfs/install/fonts/opentype/public/libertinus-fonts/Lib
ertinusSans-Regular.otf
Requested font "[LibertinusSans-Regular.otf]/OT:script=latn;language=dflt;" at 
10.00003pt
 -> /home/ali/.miktex/texmfs/install/fonts/opentype/public/libertinus-fonts/Lib
ertinusSans-Regular.otf
Requested font "[LibertinusSans-Bold.otf]/OT:script=latn;language=dflt;" at 10.
00003pt
 -> /home/ali/.miktex/texmfs/install/fonts/opentype/public/libertinus-fonts/Lib
ertinusSans-Bold.otf
Requested font "[LibertinusSans-Italic.otf]/OT:script=latn;language=dflt;" at 1
0.00003pt
 -> /home/ali/.miktex/texmfs/install/fonts/opentype/public/libertinus-fonts/Lib
ertinusSans-Italic.otf
LaTeX Font Info:    Overwriting math alphabet `\mathsf' in version `normal'
(Font)                  OT1/cmss/m/n --> TU/LibertinusSans(1)/m/n on input line
 320.
LaTeX Font Info:    Overwriting math alphabet `\mathsf' in version `bold'
(Font)                  OT1/cmss/bx/n --> TU/LibertinusSans(1)/b/n on input lin
e 320.
Requested font "[LibertinusMono-Regular.otf]/OT" at 9.99997pt
 -> /home/ali/.miktex/texmfs/install/fonts/opentype/public/libertinus-fonts/Lib
ertinusMono-Regular.otf
Requested font "[LibertinusMono-Regular.otf]/OT" at 10.00003pt
 -> /home/ali/.miktex/texmfs/install/fonts/opentype/public/libertinus-fonts/Lib
ertinusMono-Regular.otf
Requested font "[LibertinusMono-Regular.otf]/OT:script=latn;language=dflt;" at 
10.00003pt
 -> /home/ali/.miktex/texmfs/install/fonts/opentype/public/libertinus-fonts/Lib
ertinusMono-Regular.otf
LaTeX Font Info:    Overwriting math alphabet `\mathtt' in version `normal'
(Font)                  OT1/cmtt/m/n --> TU/LibertinusMono(1)/m/n on input line
 377.
LaTeX Font Info:    Overwriting math alphabet `\mathtt' in version `bold'
(Font)                  OT1/cmtt/m/n --> TU/LibertinusMono(1)/b/n on input line
 377.

*************************************
* Using libertinus math *
*************************************
Requested font "[LibertinusMath-Regular.otf]/OT" at 9.99997pt
 -> /home/ali/.miktex/texmfs/install/fonts/opentype/public/libertinus-fonts/Lib
ertinusMath-Regular.otf
Requested font "[LibertinusMath-Regular.otf]/OT" at 10.00003pt
 -> /home/ali/.miktex/texmfs/install/fonts/opentype/public/libertinus-fonts/Lib
ertinusMath-Regular.otf
Requested font "[LibertinusMath-Regular.otf]/OT:script=math;language=dflt;" at 
10.00003pt
 -> /home/ali/.miktex/texmfs/install/fonts/opentype/public/libertinus-fonts/Lib
ertinusMath-Regular.otf
Requested font "[LibertinusMath-Regular.otf]/OT:script=math;language=dflt;" at 
10.0pt
 -> /home/ali/.miktex/texmfs/install/fonts/opentype/public/libertinus-fonts/Lib
ertinusMath-Regular.otf
LaTeX Font Info:    Encoding `OT1' has changed to `TU' for symbol font
(Font)              `operators' in the math version `normal' on input line 401.

LaTeX Font Info:    Overwriting symbol font `operators' in version `normal'
(Font)                  OT1/cmr/m/n --> TU/LibertinusMath-Regular.otf(1)/m/n on
 input line 401.
LaTeX Font Info:    Encoding `OT1' has changed to `TU' for symbol font
(Font)              `operators' in the math version `bold' on input line 401.
LaTeX Font Info:    Overwriting symbol font `operators' in version `bold'
(Font)                  OT1/cmr/bx/n --> TU/LibertinusMath-Regular.otf(1)/b/n o
n input line 401.
LaTeX Font Info:    Encoding `OMS' has changed to `TU' for symbol font
(Font)              `symbols' in the math version `normal' on input line 401.
LaTeX Font Info:    Overwriting symbol font `symbols' in version `normal'
(Font)                  OMS/cmsy/m/n --> TU/LibertinusMath-Regular.otf(2)/m/n o
n input line 401.
LaTeX Font Info:    Encoding `OMS' has changed to `TU' for symbol font
(Font)              `symbols' in the math version `bold' on input line 401.
LaTeX Font Info:    Overwriting symbol font `symbols' in version `bold'
(Font)                  OMS/cmsy/b/n --> TU/LibertinusMath-Regular.otf(2)/b/n o
n input line 401.
LaTeX Font Info:    Encoding `OMX' has changed to `TU' for symbol font
(Font)              `largesymbols' in the math version `normal' on input line 4
01.
LaTeX Font Info:    Overwriting symbol font `largesymbols' in version `normal'
(Font)                  OMX/cmex/m/n --> TU/LibertinusMath-Regular.otf(3)/m/n o
n input line 401.
LaTeX Font Info:    Encoding `OMX' has changed to `TU' for symbol font
(Font)              `largesymbols' in the math version `bold' on input line 401
.
LaTeX Font Info:    Overwriting symbol font `largesymbols' in version `bold'
(Font)                  OMX/cmex/m/n --> TU/LibertinusMath-Regular.otf(3)/b/n o
n input line 401.
LaTeX Font Info:    Redeclaring math version `bold' on input line 403.
Requested font "[LibertinusMath-Regular.otf]/OT:script=math;language=dflt;embol
den=3;" at 10.0pt
 -> /home/ali/.miktex/texmfs/install/fonts/opentype/public/libertinus-fonts/Lib
ertinusMath-Regular.otf
LaTeX Font Info:    Encoding `OT1' has changed to `TU' for symbol font
(Font)              `operators' in the math version `bold' on input line 403.
LaTeX Font Info:    Overwriting symbol font `operators' in version `bold'
(Font)                  OT1/cmr/m/n --> TU/LibertinusMath-Regular.otf(5)/m/n on
 input line 403.
LaTeX Font Info:    Encoding `OMS' has changed to `TU' for symbol font
(Font)              `symbols' in the math version `bold' on input line 403.
LaTeX Font Info:    Overwriting symbol font `symbols' in version `bold'
(Font)                  OMS/cmsy/m/n --> TU/LibertinusMath-Regular.otf(6)/m/n o
n input line 403.
LaTeX Font Info:    Encoding `OMX' has changed to `TU' for symbol font
(Font)              `largesymbols' in the math version `bold' on input line 403
.
LaTeX Font Info:    Overwriting symbol font `largesymbols' in version `bold'
(Font)                  OMX/cmex/m/n --> TU/LibertinusMath-Regular.otf(7)/m/n o
n input line 403.
Requested font "[LinBiolinum_K.otf]" scaled 1000
 -> /home/ali/.miktex/texmfs/install/fonts/opentype/public/libertine/LinBiolinu
m_K.otf
Requested font "[LibertinusKeyboard-Regular.otf]" scaled 1000
 -> /home/ali/.miktex/texmfs/install/fonts/opentype/public/libertinus-fonts/Lib
ertinusKeyboard-Regular.otf
Requested font "[LibertinusSerifDisplay-Regular.otf]/OT" at 9.99997pt
 -> /home/ali/.miktex/texmfs/install/fonts/opentype/public/libertinus-fonts/Lib
ertinusSerifDisplay-Regular.otf
Requested font "[LibertinusSerifDisplay-Regular.otf]/OT" at 10.00003pt
 -> /home/ali/.miktex/texmfs/install/fonts/opentype/public/libertinus-fonts/Lib
ertinusSerifDisplay-Regular.otf
Requested font "[LibertinusSerifDisplay-Regular.otf]/OT:script=latn;language=df
lt;" at 10.00003pt
 -> /home/ali/.miktex/texmfs/install/fonts/opentype/public/libertinus-fonts/Lib
ertinusSerifDisplay-Regular.otf
Requested font "[LibertinusSerifInitials-Regular.otf]/OT" at 9.99997pt
 -> /home/ali/.miktex/texmfs/install/fonts/opentype/public/libertinus-fonts/Lib
ertinusSerifInitials-Regular.otf
Requested font "[LibertinusSerifInitials-Regular.otf]/OT" at 10.00003pt
 -> /home/ali/.miktex/texmfs/install/fonts/opentype/public/libertinus-fonts/Lib
ertinusSerifInitials-Regular.otf
Requested font "[LibertinusSerifInitials-Regular.otf]/OT:language=dflt;" at 10.
00003pt
 -> /home/ali/.miktex/texmfs/install/fonts/opentype/public/libertinus-fonts/Lib
ertinusSerifInitials-Regular.otf
)) (solution.aux)
\openout1 = `solution.aux'.

LaTeX Font Info:    Checking defaults for OML/cmm/m/it on input line 29.
LaTeX Font Info:    ... okay on input line 29.
LaTeX Font Info:    Checking defaults for OMS/cmsy/m/n on input line 29.
LaTeX Font Info:    ... okay on input line 29.
LaTeX Font Info:    Checking defaults for OT1/cmr/m/n on input line 29.
LaTeX Font Info:    ... okay on input line 29.
LaTeX Font Info:    Checking defaults for T1/cmr/m/n on input line 29.
LaTeX Font Info:    ... okay on input line 29.
LaTeX Font Info:    Checking defaults for TS1/cmr/m/n on input line 29.
LaTeX Font Info:    ... okay on input line 29.
LaTeX Font Info:    Checking defaults for TU/lmr/m/n on input line 29.
LaTeX Font Info:    ... okay on input line 29.
LaTeX Font Info:    Checking defaults for OMX/cmex/m/n on input line 29.
LaTeX Font Info:    ... okay on input line 29.
LaTeX Font Info:    Checking defaults for U/cmr/m/n on input line 29.
LaTeX Font Info:    ... okay on input line 29.

*geometry* driver: auto-detecting
*geometry* detected driver: xetex
*geometry* verbose mode - [ preamble ] result:
* driver: xetex
* paper: <default>
* layout: <same size as paper>
* layoutoffset:(h,v)=(0.0pt,0.0pt)
* modes: 
* h-part:(L,W,R)=(72.26999pt, 469.75502pt, 72.26999pt)
* v-part:(T,H,B)=(72.26999pt, 650.43001pt, 72.26999pt)
* \paperwidth=614.295pt
* \paperheight=794.96999pt
* \textwidth=469.75502pt
* \textheight=650.43001pt
* \oddsidemargin=0.0pt
* \evensidemargin=0.0pt
* \topmargin=-37.0pt
* \headheight=12.0pt
* \headsep=25.0pt
* \topskip=10.0pt
* \footskip=30.0pt
* \marginparwidth=65.0pt
* \marginparsep=11.0pt
* \columnsep=10.0pt
* \skip\footins=9.0pt plus 4.0pt minus 2.0pt
* \hoffset=0.0pt
* \voffset=0.0pt
* \mag=1000
* \@twocolumnfalse
* \@twosidefalse
* \@mparswitchfalse
* \@reversemarginfalse
* (1in=72.27pt=25.4mm, 1cm=28.453pt)


Package unicode-math Warning: Using \overbracket and \underbracket from
(unicode-math)                `mathtools' package.
(unicode-math)                 
(unicode-math)                 Use \Uoverbracket and \Uunderbracket for
(unicode-math)                original `unicode-math' definition.


Package unicode-math Warning: I'm going to overwrite the following commands
(unicode-math)                from the `mathtools' package: 
(unicode-math)                 
(unicode-math)                     \dblcolon, \coloneqq, \Coloneqq, \eqqcolon.
(unicode-math)                
(unicode-math)                 
(unicode-math)                 Note that since I won't overwrite the other
(unicode-math)                colon-like commands, using them will lead to
(unicode-math)                inconsistencies.

LaTeX Font Info:    Font shape `TU/LibertinusSerif(0)/b/n' will be
(Font)              scaled to size 10.0pt on input line 31.
Requested font "[LibertinusSerif-Bold.otf]/OT:script=latn;language=dflt;+hv-ker
n;+tnum;+lnum;mapping=tex-text;" at 10.0pt
 -> /home/ali/.miktex/texmfs/install/fonts/opentype/public/libertinus-fonts/Lib
ertinusSerif-Bold.otf
Requested font "[LibertinusMath-Regular.otf]/OT:script=math;language=dflt;+ssty
=0;" at 8.0pt
 -> /home/ali/.miktex/texmfs/install/fonts/opentype/public/libertinus-fonts/Lib
ertinusMath-Regular.otf
Requested font "[LibertinusMath-Regular.otf]/OT:script=math;language=dflt;+ssty
=1;" at 6.0pt
 -> /home/ali/.miktex/texmfs/install/fonts/opentype/public/libertinus-fonts/Lib
ertinusMath-Regular.otf
Requested font "cmmi8" at 8.0pt
Requested font "cmmi6" at 6.0pt
LaTeX Font Info:    Font shape `TU/LibertinusMath-Regular.otf(2)/m/n' will be
(Font)              scaled to size 10.00107pt on input line 34.
Requested font "[LibertinusMath-Regular.otf]/OT:script=math;language=dflt;" at 
10.00107pt
 -> /home/ali/.miktex/texmfs/install/fonts/opentype/public/libertinus-fonts/Lib
ertinusMath-Regular.otf
LaTeX Font Info:    Font shape `TU/LibertinusMath-Regular.otf(2)/m/n' will be
(Font)              scaled to size 8.00085pt on input line 34.
Requested font "[LibertinusMath-Regular.otf]/OT:script=math;language=dflt;+ssty
=0;" at 8.00085pt
 -> /home/ali/.miktex/texmfs/install/fonts/opentype/public/libertinus-fonts/Lib
ertinusMath-Regular.otf
LaTeX Font Info:    Font shape `TU/LibertinusMath-Regular.otf(2)/m/n' will be
(Font)              scaled to size 6.00064pt on input line 34.
Requested font "[LibertinusMath-Regular.otf]/OT:script=math;language=dflt;+ssty
=1;" at 6.00064pt
 -> /home/ali/.miktex/texmfs/install/fonts/opentype/public/libertinus-fonts/Lib
ertinusMath-Regular.otf
LaTeX Font Info:    Font shape `TU/LibertinusMath-Regular.otf(3)/m/n' will be
(Font)              scaled to size 9.99893pt on input line 34.
Requested font "[LibertinusMath-Regular.otf]/OT:script=math;language=dflt;" at 
9.99893pt
 -> /home/ali/.miktex/texmfs/install/fonts/opentype/public/libertinus-fonts/Lib
ertinusMath-Regular.otf
LaTeX Font Info:    Font shape `TU/LibertinusMath-Regular.otf(3)/m/n' will be
(Font)              scaled to size 7.99915pt on input line 34.
Requested font "[LibertinusMath-Regular.otf]/OT:script=math;language=dflt;+ssty
=0;" at 7.99915pt
 -> /home/ali/.miktex/texmfs/install/fonts/opentype/public/libertinus-fonts/Lib
ertinusMath-Regular.otf
LaTeX Font Info:    Font shape `TU/LibertinusMath-Regular.otf(3)/m/n' will be
(Font)              scaled to size 5.99936pt on input line 34.
Requested font "[LibertinusMath-Regular.otf]/OT:script=math;language=dflt;+ssty
=1;" at 5.99936pt
 -> /home/ali/.miktex/texmfs/install/fonts/opentype/public/libertinus-fonts/Lib
ertinusMath-Regular.otf
LaTeX Font Info:    Trying to load font information for U+msa on input line 34.

(/home/ali/.miktex/texmfs/install/tex/latex/amsfonts/umsa.fd
File: umsa.fd 2013/01/14 v3.01 AMS symbols A
)
Requested font "msam10" at 10.0pt
Requested font "msam10" at 8.0pt
Requested font "msam7" at 6.0pt
LaTeX Font Info:    Trying to load font information for U+msb on input line 34.


(/home/ali/.miktex/texmfs/install/tex/latex/amsfonts/umsb.fd
File: umsb.fd 2013/01/14 v3.01 AMS symbols B
)
Requested font "msbm10" at 10.0pt
Requested font "msbm10" at 8.0pt
Requested font "msbm7" at 6.0pt
LaTeX Font Info:    Font shape `TU/LibertinusSerif(0)/m/n' will be
(Font)              scaled to size 8.0pt on input line 76.
Requested font "[LibertinusSerif-Regular.otf]/OT:script=latn;language=dflt;+hv-
kern;+tnum;+lnum;mapping=tex-text;" at 8.0pt
 -> /home/ali/.miktex/texmfs/install/fonts/opentype/public/libertinus-fonts/Lib
ertinusSerif-Regular.otf
LaTeX Font Info:    Font shape `TU/LibertinusSerif(0)/m/n' will be
(Font)              scaled to size 6.0pt on input line 76.
Requested font "[LibertinusSerif-Regular.otf]/OT:script=latn;language=dflt;+hv-
kern;+tnum;+lnum;mapping=tex-text;" at 6.0pt
 -> /home/ali/.miktex/texmfs/install/fonts/opentype/public/libertinus-fonts/Lib
ertinusSerif-Regular.otf


[1

]
Overfull \hbox (16.9484pt too wide) in paragraph at lines 97--101
\TU/LibertinusSerif(0)/m/n/10 contradicts. Thus there is no such a solution for
 the system this completes the proof of our counterexampler  $\U/msa/m/n/10 ^^D
$ 
 []



[2]
Underfull \hbox (badness 10000) in paragraph at lines 186--187

 []


LaTeX Font Warning: Command \footnotesize invalid in math mode on input line 20
6.

Requested font "[LibertinusMath-Regular.otf]/OT:script=math;language=dflt;+ssty
=1;" at 5.0pt
 -> /home/ali/.miktex/texmfs/install/fonts/opentype/public/libertinus-fonts/Lib
ertinusMath-Regular.otf
LaTeX Font Info:    Font shape `TU/LibertinusMath-Regular.otf(2)/m/n' will be
(Font)              scaled to size 5.00053pt on input line 206.
Requested font "[LibertinusMath-Regular.otf]/OT:script=math;language=dflt;+ssty
=1;" at 5.00053pt
 -> /home/ali/.miktex/texmfs/install/fonts/opentype/public/libertinus-fonts/Lib
ertinusMath-Regular.otf
LaTeX Font Info:    Font shape `TU/LibertinusMath-Regular.otf(3)/m/n' will be
(Font)              scaled to size 4.99947pt on input line 206.
Requested font "[LibertinusMath-Regular.otf]/OT:script=math;language=dflt;+ssty
=1;" at 4.99947pt
 -> /home/ali/.miktex/texmfs/install/fonts/opentype/public/libertinus-fonts/Lib
ertinusMath-Regular.otf
Requested font "msam5" at 5.0pt
Requested font "msbm5" at 5.0pt
LaTeX Font Info:    Font shape `TU/LibertinusSerif(0)/m/n' will be
(Font)              scaled to size 5.0pt on input line 206.
Requested font "[LibertinusSerif-Regular.otf]/OT:script=latn;language=dflt;+hv-
kern;+tnum;+lnum;mapping=tex-text;" at 5.0pt
 -> /home/ali/.miktex/texmfs/install/fonts/opentype/public/libertinus-fonts/Lib
ertinusSerif-Regular.otf

LaTeX Font Warning: Command \footnotesize invalid in math mode on input line 20
6.


LaTeX Font Warning: Command \footnotesize invalid in math mode on input line 20
6.


LaTeX Font Warning: Command \footnotesize invalid in math mode on input line 20
6.


LaTeX Font Warning: Command \footnotesize invalid in math mode on input line 21
1.


LaTeX Font Warning: Command \footnotesize invalid in math mode on input line 21
1.



[3]
Underfull \hbox (badness 10000) in paragraph at lines 226--228

 []



[4] 
enddocument/afterlastpage: lastpage setting LastPage.
(solution.aux)
 ***********
LaTeX2e <2024-06-01>
L3 programming layer <2024-05-08>
 ***********
 ) 
Here is how much of TeX's memory you used:
 21539 strings out of 411038
 454788 string characters out of 5790694
 1953542 words of memory out of 5000000
 43721 multiletter control sequences out of 15000+600000
 561722 words of font info for 93 fonts, out of 8000000 for 9000
 0 hyphenation exceptions out of 8191
 120i,18n,154p,423b,806s stack positions out of 10000i,1000n,20000p,200000b,200000s

Output written on solution.xdv (4 pages, 79072 bytes).
