This is XeTeX, Version 3.141592653-2.6-0.999995 (TeX Live 2023/Fedora 39) (preloaded format=xelatex 2025.9.21)  5 OCT 2025 22:22
entering extended mode
 restricted \write18 enabled.
 file:line:error style messages enabled.
 %&-line parsing enabled.
**solution.tex
(./solution.tex
LaTeX2e <2022-11-01> patch level 1
L3 programming layer <2023-02-22> (/usr/share/texlive/texmf-dist/tex/latex/base/article.cls
Document Class: article 2022/07/02 v1.4n Standard LaTeX document class
(/usr/share/texlive/texmf-dist/tex/latex/base/size10.clo
File: size10.clo 2022/07/02 v1.4n Standard LaTeX file (size option)
)
\c@part=\count181
\c@section=\count182
\c@subsection=\count183
\c@subsubsection=\count184
\c@paragraph=\count185
\c@subparagraph=\count186
\c@figure=\count187
\c@table=\count188
\abovecaptionskip=\skip48
\belowcaptionskip=\skip49
\bibindent=\dimen140
) (/usr/share/texlive/texmf-dist/tex/latex/geometry/geometry.sty
Package: geometry 2020/01/02 v5.9 Page Geometry
 (/usr/share/texlive/texmf-dist/tex/latex/graphics/keyval.sty
Package: keyval 2022/05/29 v1.15 key=value parser (DPC)
\KV@toks@=\toks16
) (/usr/share/texlive/texmf-dist/tex/generic/iftex/ifvtex.sty
Package: ifvtex 2019/10/25 v1.7 ifvtex legacy package. Use iftex instead.
 (/usr/share/texlive/texmf-dist/tex/generic/iftex/iftex.sty
Package: iftex 2022/02/03 v1.0f TeX engine tests
))
\Gm@cnth=\count189
\Gm@cntv=\count190
\c@Gm@tempcnt=\count191
\Gm@bindingoffset=\dimen141
\Gm@wd@mp=\dimen142
\Gm@odd@mp=\dimen143
\Gm@even@mp=\dimen144
\Gm@layoutwidth=\dimen145
\Gm@layoutheight=\dimen146
\Gm@layouthoffset=\dimen147
\Gm@layoutvoffset=\dimen148
\Gm@dimlist=\toks17
) (/usr/share/texlive/texmf-dist/tex/latex/amsmath/amsmath.sty
Package: amsmath 2022/04/08 v2.17n AMS math features
\@mathmargin=\skip50

For additional information on amsmath, use the `?' option.
(/usr/share/texlive/texmf-dist/tex/latex/amsmath/amstext.sty
Package: amstext 2021/08/26 v2.01 AMS text
 (/usr/share/texlive/texmf-dist/tex/latex/amsmath/amsgen.sty
File: amsgen.sty 1999/11/30 v2.0 generic functions
\@emptytoks=\toks18
\ex@=\dimen149
)) (/usr/share/texlive/texmf-dist/tex/latex/amsmath/amsbsy.sty
Package: amsbsy 1999/11/29 v1.2d Bold Symbols
\pmbraise@=\dimen150
) (/usr/share/texlive/texmf-dist/tex/latex/amsmath/amsopn.sty
Package: amsopn 2022/04/08 v2.04 operator names
)
\inf@bad=\count192
LaTeX Info: Redefining \frac on input line 234.
\uproot@=\count193
\leftroot@=\count194
LaTeX Info: Redefining \overline on input line 399.
LaTeX Info: Redefining \colon on input line 410.
\classnum@=\count195
\DOTSCASE@=\count196
LaTeX Info: Redefining \ldots on input line 496.
LaTeX Info: Redefining \dots on input line 499.
LaTeX Info: Redefining \cdots on input line 620.
\Mathstrutbox@=\box51
\strutbox@=\box52
LaTeX Info: Redefining \big on input line 722.
LaTeX Info: Redefining \Big on input line 723.
LaTeX Info: Redefining \bigg on input line 724.
LaTeX Info: Redefining \Bigg on input line 725.
\big@size=\dimen151
LaTeX Font Info:    Redeclaring font encoding OML on input line 743.
LaTeX Font Info:    Redeclaring font encoding OMS on input line 744.
\macc@depth=\count197
LaTeX Info: Redefining \bmod on input line 905.
LaTeX Info: Redefining \pmod on input line 910.
LaTeX Info: Redefining \smash on input line 940.
LaTeX Info: Redefining \relbar on input line 970.
LaTeX Info: Redefining \Relbar on input line 971.
\c@MaxMatrixCols=\count198
\dotsspace@=\muskip16
\c@parentequation=\count199
\dspbrk@lvl=\count266
\tag@help=\toks19
\row@=\count267
\column@=\count268
\maxfields@=\count269
\andhelp@=\toks20
\eqnshift@=\dimen152
\alignsep@=\dimen153
\tagshift@=\dimen154
\tagwidth@=\dimen155
\totwidth@=\dimen156
\lineht@=\dimen157
\@envbody=\toks21
\multlinegap=\skip51
\multlinetaggap=\skip52
\mathdisplay@stack=\toks22
LaTeX Info: Redefining \[ on input line 2953.
LaTeX Info: Redefining \] on input line 2954.
) (/usr/share/texlive/texmf-dist/tex/latex/amsfonts/amssymb.sty
Package: amssymb 2013/01/14 v3.01 AMS font symbols
 (/usr/share/texlive/texmf-dist/tex/latex/amsfonts/amsfonts.sty
Package: amsfonts 2013/01/14 v3.01 Basic AMSFonts support
\symAMSa=\mathgroup4
\symAMSb=\mathgroup5
LaTeX Font Info:    Redeclaring math symbol \hbar on input line 98.
LaTeX Font Info:    Overwriting math alphabet `\mathfrak' in version `bold'
(Font)                  U/euf/m/n --> U/euf/b/n on input line 106.
)) (/usr/share/texlive/texmf-dist/tex/latex/mathtools/mathtools.sty
Package: mathtools 2022/06/29 v1.29 mathematical typesetting tools
 (/usr/share/texlive/texmf-dist/tex/latex/tools/calc.sty
Package: calc 2017/05/25 v4.3 Infix arithmetic (KKT,FJ)
\calc@Acount=\count270
\calc@Bcount=\count271
\calc@Adimen=\dimen158
\calc@Bdimen=\dimen159
\calc@Askip=\skip53
\calc@Bskip=\skip54
LaTeX Info: Redefining \setlength on input line 80.
LaTeX Info: Redefining \addtolength on input line 81.
\calc@Ccount=\count272
\calc@Cskip=\skip55
) (/usr/share/texlive/texmf-dist/tex/latex/mathtools/mhsetup.sty
Package: mhsetup 2021/03/18 v1.4 programming setup (MH)
)
\g_MT_multlinerow_int=\count273
\l_MT_multwidth_dim=\dimen160
\origjot=\skip56
\l_MT_shortvdotswithinadjustabove_dim=\dimen161
\l_MT_shortvdotswithinadjustbelow_dim=\dimen162
\l_MT_above_intertext_sep=\dimen163
\l_MT_below_intertext_sep=\dimen164
\l_MT_above_shortintertext_sep=\dimen165
\l_MT_below_shortintertext_sep=\dimen166
\xmathstrut@box=\box53
\xmathstrut@dim=\dimen167
) (/usr/share/texlive/texmf-dist/tex/latex/fancyhdr/fancyhdr.sty
Package: fancyhdr 2022/11/09 v4.1 Extensive control of page headers and footers
\f@nch@headwidth=\skip57
\f@nch@O@elh=\skip58
\f@nch@O@erh=\skip59
\f@nch@O@olh=\skip60
\f@nch@O@orh=\skip61
\f@nch@O@elf=\skip62
\f@nch@O@erf=\skip63
\f@nch@O@olf=\skip64
\f@nch@O@orf=\skip65
) (/usr/share/texlive/texmf-dist/tex/latex/pgf/frontendlayer/tikz.sty (/usr/share/texlive/texmf-dist/tex/latex/pgf/basiclayer/pgf.sty (/usr/share/texlive/texmf-dist/tex/latex/pgf/utilities/pgfrcs.sty (/usr/share/texlive/texmf-dist/tex/generic/pgf/utilities/pgfutil-common.tex
\pgfutil@everybye=\toks23
\pgfutil@tempdima=\dimen168
\pgfutil@tempdimb=\dimen169
) (/usr/share/texlive/texmf-dist/tex/generic/pgf/utilities/pgfutil-latex.def
\pgfutil@abb=\box54
) (/usr/share/texlive/texmf-dist/tex/generic/pgf/utilities/pgfrcs.code.tex (/usr/share/texlive/texmf-dist/tex/generic/pgf/pgf.revision.tex)
Package: pgfrcs 2023-01-15 v3.1.10 (3.1.10)
))
Package: pgf 2023-01-15 v3.1.10 (3.1.10)
 (/usr/share/texlive/texmf-dist/tex/latex/pgf/basiclayer/pgfcore.sty (/usr/share/texlive/texmf-dist/tex/latex/graphics/graphicx.sty
Package: graphicx 2021/09/16 v1.2d Enhanced LaTeX Graphics (DPC,SPQR)
 (/usr/share/texlive/texmf-dist/tex/latex/graphics/graphics.sty
Package: graphics 2022/03/10 v1.4e Standard LaTeX Graphics (DPC,SPQR)
 (/usr/share/texlive/texmf-dist/tex/latex/graphics/trig.sty
Package: trig 2021/08/11 v1.11 sin cos tan (DPC)
) (/usr/share/texlive/texmf-dist/tex/latex/graphics-cfg/graphics.cfg
File: graphics.cfg 2016/06/04 v1.11 sample graphics configuration
)
Package graphics Info: Driver file: xetex.def on input line 107.
 (/usr/share/texlive/texmf-dist/tex/latex/graphics-def/xetex.def
File: xetex.def 2022/09/22 v5.0n Graphics/color driver for xetex
))
\Gin@req@height=\dimen170
\Gin@req@width=\dimen171
) (/usr/share/texlive/texmf-dist/tex/latex/pgf/systemlayer/pgfsys.sty (/usr/share/texlive/texmf-dist/tex/generic/pgf/systemlayer/pgfsys.code.tex
Package: pgfsys 2023-01-15 v3.1.10 (3.1.10)
 (/usr/share/texlive/texmf-dist/tex/generic/pgf/utilities/pgfkeys.code.tex
\pgfkeys@pathtoks=\toks24
\pgfkeys@temptoks=\toks25
 (/usr/share/texlive/texmf-dist/tex/generic/pgf/utilities/pgfkeyslibraryfiltered.code.tex
\pgfkeys@tmptoks=\toks26
))
\pgf@x=\dimen172
\pgf@y=\dimen173
\pgf@xa=\dimen174
\pgf@ya=\dimen175
\pgf@xb=\dimen176
\pgf@yb=\dimen177
\pgf@xc=\dimen178
\pgf@yc=\dimen179
\pgf@xd=\dimen180
\pgf@yd=\dimen181
\w@pgf@writea=\write3
\r@pgf@reada=\read2
\c@pgf@counta=\count274
\c@pgf@countb=\count275
\c@pgf@countc=\count276
\c@pgf@countd=\count277
\t@pgf@toka=\toks27
\t@pgf@tokb=\toks28
\t@pgf@tokc=\toks29
\pgf@sys@id@count=\count278
 (/usr/share/texlive/texmf-dist/tex/generic/pgf/systemlayer/pgf.cfg
File: pgf.cfg 2023-01-15 v3.1.10 (3.1.10)
)
Driver file for pgf: pgfsys-xetex.def
 (/usr/share/texlive/texmf-dist/tex/generic/pgf/systemlayer/pgfsys-xetex.def
File: pgfsys-xetex.def 2023-01-15 v3.1.10 (3.1.10)

(/usr/share/texlive/texmf-dist/tex/generic/pgf/systemlayer/pgfsys-dvipdfmx.def
File: pgfsys-dvipdfmx.def 2023-01-15 v3.1.10 (3.1.10)
 (/usr/share/texlive/texmf-dist/tex/generic/pgf/systemlayer/pgfsys-common-pdf.def
File: pgfsys-common-pdf.def 2023-01-15 v3.1.10 (3.1.10)
)
\pgfsys@objnum=\count279
))) (/usr/share/texlive/texmf-dist/tex/generic/pgf/systemlayer/pgfsyssoftpath.code.tex
File: pgfsyssoftpath.code.tex 2023-01-15 v3.1.10 (3.1.10)
\pgfsyssoftpath@smallbuffer@items=\count280
\pgfsyssoftpath@bigbuffer@items=\count281
) (/usr/share/texlive/texmf-dist/tex/generic/pgf/systemlayer/pgfsysprotocol.code.tex
File: pgfsysprotocol.code.tex 2023-01-15 v3.1.10 (3.1.10)
)) (/usr/share/texlive/texmf-dist/tex/latex/xcolor/xcolor.sty
Package: xcolor 2022/06/12 v2.14 LaTeX color extensions (UK)
 (/usr/share/texlive/texmf-dist/tex/latex/graphics-cfg/color.cfg
File: color.cfg 2016/01/02 v1.6 sample color configuration
)
Package xcolor Info: Driver file: xetex.def on input line 227.
 (/usr/share/texlive/texmf-dist/tex/latex/graphics/mathcolor.ltx)
Package xcolor Info: Model `cmy' substituted by `cmy0' on input line 1353.
Package xcolor Info: Model `RGB' extended on input line 1369.
Package xcolor Info: Model `HTML' substituted by `rgb' on input line 1371.
Package xcolor Info: Model `Hsb' substituted by `hsb' on input line 1372.
Package xcolor Info: Model `tHsb' substituted by `hsb' on input line 1373.
Package xcolor Info: Model `HSB' substituted by `hsb' on input line 1374.
Package xcolor Info: Model `Gray' substituted by `gray' on input line 1375.
Package xcolor Info: Model `wave' substituted by `hsb' on input line 1376.
) (/usr/share/texlive/texmf-dist/tex/generic/pgf/basiclayer/pgfcore.code.tex
Package: pgfcore 2023-01-15 v3.1.10 (3.1.10)
 (/usr/share/texlive/texmf-dist/tex/generic/pgf/math/pgfmath.code.tex (/usr/share/texlive/texmf-dist/tex/generic/pgf/math/pgfmathutil.code.tex) (/usr/share/texlive/texmf-dist/tex/generic/pgf/math/pgfmathparser.code.tex
\pgfmath@dimen=\dimen182
\pgfmath@count=\count282
\pgfmath@box=\box55
\pgfmath@toks=\toks30
\pgfmath@stack@operand=\toks31
\pgfmath@stack@operation=\toks32
) (/usr/share/texlive/texmf-dist/tex/generic/pgf/math/pgfmathfunctions.code.tex) (/usr/share/texlive/texmf-dist/tex/generic/pgf/math/pgfmathfunctions.basic.code.tex) (/usr/share/texlive/texmf-dist/tex/generic/pgf/math/pgfmathfunctions.trigonometric.code.tex) (/usr/share/texlive/texmf-dist/tex/generic/pgf/math/pgfmathfunctions.random.code.tex) (/usr/share/texlive/texmf-dist/tex/generic/pgf/math/pgfmathfunctions.comparison.code.tex) (/usr/share/texlive/texmf-dist/tex/generic/pgf/math/pgfmathfunctions.base.code.tex) (/usr/share/texlive/texmf-dist/tex/generic/pgf/math/pgfmathfunctions.round.code.tex) (/usr/share/texlive/texmf-dist/tex/generic/pgf/math/pgfmathfunctions.misc.code.tex) (/usr/share/texlive/texmf-dist/tex/generic/pgf/math/pgfmathfunctions.integerarithmetics.code.tex) (/usr/share/texlive/texmf-dist/tex/generic/pgf/math/pgfmathcalc.code.tex) (/usr/share/texlive/texmf-dist/tex/generic/pgf/math/pgfmathfloat.code.tex
\c@pgfmathroundto@lastzeros=\count283
)) (/usr/share/texlive/texmf-dist/tex/generic/pgf/math/pgfint.code.tex) (/usr/share/texlive/texmf-dist/tex/generic/pgf/basiclayer/pgfcorepoints.code.tex
File: pgfcorepoints.code.tex 2023-01-15 v3.1.10 (3.1.10)
\pgf@picminx=\dimen183
\pgf@picmaxx=\dimen184
\pgf@picminy=\dimen185
\pgf@picmaxy=\dimen186
\pgf@pathminx=\dimen187
\pgf@pathmaxx=\dimen188
\pgf@pathminy=\dimen189
\pgf@pathmaxy=\dimen190
\pgf@xx=\dimen191
\pgf@xy=\dimen192
\pgf@yx=\dimen193
\pgf@yy=\dimen194
\pgf@zx=\dimen195
\pgf@zy=\dimen196
) (/usr/share/texlive/texmf-dist/tex/generic/pgf/basiclayer/pgfcorepathconstruct.code.tex
File: pgfcorepathconstruct.code.tex 2023-01-15 v3.1.10 (3.1.10)
\pgf@path@lastx=\dimen197
\pgf@path@lasty=\dimen198
)
(/usr/share/texlive/texmf-dist/tex/generic/pgf/basiclayer/pgfcorepathusage.code.tex
File: pgfcorepathusage.code.tex 2023-01-15 v3.1.10 (3.1.10)
\pgf@shorten@end@additional=\dimen199
\pgf@shorten@start@additional=\dimen256
) (/usr/share/texlive/texmf-dist/tex/generic/pgf/basiclayer/pgfcorescopes.code.tex
File: pgfcorescopes.code.tex 2023-01-15 v3.1.10 (3.1.10)
\pgfpic=\box56
\pgf@hbox=\box57
\pgf@layerbox@main=\box58
\pgf@picture@serial@count=\count284
) (/usr/share/texlive/texmf-dist/tex/generic/pgf/basiclayer/pgfcoregraphicstate.code.tex
File: pgfcoregraphicstate.code.tex 2023-01-15 v3.1.10 (3.1.10)
\pgflinewidth=\dimen257
) (/usr/share/texlive/texmf-dist/tex/generic/pgf/basiclayer/pgfcoretransformations.code.tex
File: pgfcoretransformations.code.tex 2023-01-15 v3.1.10 (3.1.10)
\pgf@pt@x=\dimen258
\pgf@pt@y=\dimen259
\pgf@pt@temp=\dimen260
) (/usr/share/texlive/texmf-dist/tex/generic/pgf/basiclayer/pgfcorequick.code.tex
File: pgfcorequick.code.tex 2023-01-15 v3.1.10 (3.1.10)
) (/usr/share/texlive/texmf-dist/tex/generic/pgf/basiclayer/pgfcoreobjects.code.tex
File: pgfcoreobjects.code.tex 2023-01-15 v3.1.10 (3.1.10)
) (/usr/share/texlive/texmf-dist/tex/generic/pgf/basiclayer/pgfcorepathprocessing.code.tex
File: pgfcorepathprocessing.code.tex 2023-01-15 v3.1.10 (3.1.10)
) (/usr/share/texlive/texmf-dist/tex/generic/pgf/basiclayer/pgfcorearrows.code.tex
File: pgfcorearrows.code.tex 2023-01-15 v3.1.10 (3.1.10)
\pgfarrowsep=\dimen261
) (/usr/share/texlive/texmf-dist/tex/generic/pgf/basiclayer/pgfcoreshade.code.tex
File: pgfcoreshade.code.tex 2023-01-15 v3.1.10 (3.1.10)
\pgf@max=\dimen262
\pgf@sys@shading@range@num=\count285
\pgf@shadingcount=\count286
) (/usr/share/texlive/texmf-dist/tex/generic/pgf/basiclayer/pgfcoreimage.code.tex
File: pgfcoreimage.code.tex 2023-01-15 v3.1.10 (3.1.10)
) (/usr/share/texlive/texmf-dist/tex/generic/pgf/basiclayer/pgfcoreexternal.code.tex
File: pgfcoreexternal.code.tex 2023-01-15 v3.1.10 (3.1.10)
\pgfexternal@startupbox=\box59
) (/usr/share/texlive/texmf-dist/tex/generic/pgf/basiclayer/pgfcorelayers.code.tex
File: pgfcorelayers.code.tex 2023-01-15 v3.1.10 (3.1.10)
) (/usr/share/texlive/texmf-dist/tex/generic/pgf/basiclayer/pgfcoretransparency.code.tex
File: pgfcoretransparency.code.tex 2023-01-15 v3.1.10 (3.1.10)
) (/usr/share/texlive/texmf-dist/tex/generic/pgf/basiclayer/pgfcorepatterns.code.tex
File: pgfcorepatterns.code.tex 2023-01-15 v3.1.10 (3.1.10)
) (/usr/share/texlive/texmf-dist/tex/generic/pgf/basiclayer/pgfcorerdf.code.tex
File: pgfcorerdf.code.tex 2023-01-15 v3.1.10 (3.1.10)
))) (/usr/share/texlive/texmf-dist/tex/generic/pgf/modules/pgfmoduleshapes.code.tex
File: pgfmoduleshapes.code.tex 2023-01-15 v3.1.10 (3.1.10)
\pgfnodeparttextbox=\box60
) (/usr/share/texlive/texmf-dist/tex/generic/pgf/modules/pgfmoduleplot.code.tex
File: pgfmoduleplot.code.tex 2023-01-15 v3.1.10 (3.1.10)
) (/usr/share/texlive/texmf-dist/tex/latex/pgf/compatibility/pgfcomp-version-0-65.sty
Package: pgfcomp-version-0-65 2023-01-15 v3.1.10 (3.1.10)
\pgf@nodesepstart=\dimen263
\pgf@nodesepend=\dimen264
) (/usr/share/texlive/texmf-dist/tex/latex/pgf/compatibility/pgfcomp-version-1-18.sty
Package: pgfcomp-version-1-18 2023-01-15 v3.1.10 (3.1.10)
)) (/usr/share/texlive/texmf-dist/tex/latex/pgf/utilities/pgffor.sty (/usr/share/texlive/texmf-dist/tex/latex/pgf/utilities/pgfkeys.sty (/usr/share/texlive/texmf-dist/tex/generic/pgf/utilities/pgfkeys.code.tex)) (/usr/share/texlive/texmf-dist/tex/latex/pgf/math/pgfmath.sty (/usr/share/texlive/texmf-dist/tex/generic/pgf/math/pgfmath.code.tex))
(/usr/share/texlive/texmf-dist/tex/generic/pgf/utilities/pgffor.code.tex
Package: pgffor 2023-01-15 v3.1.10 (3.1.10)
\pgffor@iter=\dimen265
\pgffor@skip=\dimen266
\pgffor@stack=\toks33
\pgffor@toks=\toks34
)) (/usr/share/texlive/texmf-dist/tex/generic/pgf/frontendlayer/tikz/tikz.code.tex
Package: tikz 2023-01-15 v3.1.10 (3.1.10)
 (/usr/share/texlive/texmf-dist/tex/generic/pgf/libraries/pgflibraryplothandlers.code.tex
File: pgflibraryplothandlers.code.tex 2023-01-15 v3.1.10 (3.1.10)
\pgf@plot@mark@count=\count287
\pgfplotmarksize=\dimen267
)
\tikz@lastx=\dimen268
\tikz@lasty=\dimen269
\tikz@lastxsaved=\dimen270
\tikz@lastysaved=\dimen271
\tikz@lastmovetox=\dimen272
\tikz@lastmovetoy=\dimen273
\tikzleveldistance=\dimen274
\tikzsiblingdistance=\dimen275
\tikz@figbox=\box61
\tikz@figbox@bg=\box62
\tikz@tempbox=\box63
\tikz@tempbox@bg=\box64
\tikztreelevel=\count288
\tikznumberofchildren=\count289
\tikznumberofcurrentchild=\count290
\tikz@fig@count=\count291
 (/usr/share/texlive/texmf-dist/tex/generic/pgf/modules/pgfmodulematrix.code.tex
File: pgfmodulematrix.code.tex 2023-01-15 v3.1.10 (3.1.10)
\pgfmatrixcurrentrow=\count292
\pgfmatrixcurrentcolumn=\count293
\pgf@matrix@numberofcolumns=\count294
)
\tikz@expandcount=\count295
 (/usr/share/texlive/texmf-dist/tex/generic/pgf/frontendlayer/tikz/libraries/tikzlibrarytopaths.code.tex
File: tikzlibrarytopaths.code.tex 2023-01-15 v3.1.10 (3.1.10)
))) (/usr/share/texlive/texmf-dist/tex/latex/cancel/cancel.sty
Package: cancel 2013/04/12 v2.2 Cancel math terms
) (/usr/share/texlive/texmf-dist/tex/latex/enumitem/enumitem.sty
Package: enumitem 2019/06/20 v3.9 Customized lists
\labelindent=\skip66
\enit@outerparindent=\dimen276
\enit@toks=\toks35
\enit@inbox=\box65
\enit@count@id=\count296
\enitdp@description=\count297
) (/usr/share/texlive/texmf-dist/tex/latex/lastpage/lastpage.sty
Package: lastpage 2023/03/07 v2.0a lastpage: 2.09 or 2e? (HMM)
 (/usr/share/texlive/texmf-dist/tex/latex/lastpage/lastpage2e.sty
Package: lastpage2e 2023/03/07 v2.0a Decide which 2e lastpage version to use (HMM)
 (/usr/share/texlive/texmf-dist/tex/latex/lastpage/lastpagemodern.sty
Package: lastpagemodern 2023-03-07 v2.0a Refers to last page's name (HMM; JPG)
) 
)) (/usr/share/texlive/texmf-dist/tex/latex/listings/listings.sty
\lst@mode=\count298
\lst@gtempboxa=\box66
\lst@token=\toks36
\lst@length=\count299
\lst@currlwidth=\dimen277
\lst@column=\count300
\lst@pos=\count301
\lst@lostspace=\dimen278
\lst@width=\dimen279
\lst@newlines=\count302
\lst@lineno=\count303
\lst@maxwidth=\dimen280
 (/usr/share/texlive/texmf-dist/tex/latex/listings/lstmisc.sty
File: lstmisc.sty 2023/02/27 1.9 (Carsten Heinz)
\c@lstnumber=\count304
\lst@skipnumbers=\count305
\lst@framebox=\box67
) (/usr/share/texlive/texmf-dist/tex/latex/listings/listings.cfg
File: listings.cfg 2023/02/27 1.9 listings configuration
))
Package: listings 2023/02/27 1.9 (Carsten Heinz)
 (/usr/share/texlive/texmf-dist/tex/latex/hyperref/hyperref.sty
Package: hyperref 2023-02-07 v7.00v Hypertext links for LaTeX
 (/usr/share/texlive/texmf-dist/tex/generic/ltxcmds/ltxcmds.sty
Package: ltxcmds 2020-05-10 v1.25 LaTeX kernel commands for general use (HO)
) (/usr/share/texlive/texmf-dist/tex/generic/pdftexcmds/pdftexcmds.sty
Package: pdftexcmds 2020-06-27 v0.33 Utility functions of pdfTeX for LuaTeX (HO)
 (/usr/share/texlive/texmf-dist/tex/generic/infwarerr/infwarerr.sty
Package: infwarerr 2019/12/03 v1.5 Providing info/warning/error messages (HO)
)
Package pdftexcmds Info: \pdf@primitive is available.
Package pdftexcmds Info: \pdf@ifprimitive is available.
Package pdftexcmds Info: \pdfdraftmode not found.
) (/usr/share/texlive/texmf-dist/tex/latex/kvsetkeys/kvsetkeys.sty
Package: kvsetkeys 2022-10-05 v1.19 Key value parser (HO)
) (/usr/share/texlive/texmf-dist/tex/generic/kvdefinekeys/kvdefinekeys.sty
Package: kvdefinekeys 2019-12-19 v1.6 Define keys (HO)
) (/usr/share/texlive/texmf-dist/tex/generic/pdfescape/pdfescape.sty
Package: pdfescape 2019/12/09 v1.15 Implements pdfTeX's escape features (HO)
) (/usr/share/texlive/texmf-dist/tex/latex/hycolor/hycolor.sty
Package: hycolor 2020-01-27 v1.10 Color options for hyperref/bookmark (HO)
) (/usr/share/texlive/texmf-dist/tex/latex/letltxmacro/letltxmacro.sty
Package: letltxmacro 2019/12/03 v1.6 Let assignment for LaTeX macros (HO)
) (/usr/share/texlive/texmf-dist/tex/latex/auxhook/auxhook.sty
Package: auxhook 2019-12-17 v1.6 Hooks for auxiliary files (HO)
) (/usr/share/texlive/texmf-dist/tex/latex/hyperref/nameref.sty
Package: nameref 2022-05-17 v2.50 Cross-referencing by name of section
 (/usr/share/texlive/texmf-dist/tex/latex/refcount/refcount.sty
Package: refcount 2019/12/15 v3.6 Data extraction from label references (HO)
) (/usr/share/texlive/texmf-dist/tex/generic/gettitlestring/gettitlestring.sty
Package: gettitlestring 2019/12/15 v1.6 Cleanup title references (HO)
 (/usr/share/texlive/texmf-dist/tex/latex/kvoptions/kvoptions.sty
Package: kvoptions 2022-06-15 v3.15 Key value format for package options (HO)
))
\c@section@level=\count306
)
\@linkdim=\dimen281
\Hy@linkcounter=\count307
\Hy@pagecounter=\count308
 (/usr/share/texlive/texmf-dist/tex/latex/hyperref/pd1enc.def
File: pd1enc.def 2023-02-07 v7.00v Hyperref: PDFDocEncoding definition (HO)
) (/usr/share/texlive/texmf-dist/tex/generic/intcalc/intcalc.sty
Package: intcalc 2019/12/15 v1.3 Expandable calculations with integers (HO)
) (/usr/share/texlive/texmf-dist/tex/generic/etexcmds/etexcmds.sty
Package: etexcmds 2019/12/15 v1.7 Avoid name clashes with e-TeX commands (HO)
)
\Hy@SavedSpaceFactor=\count309
 (/usr/share/texlive/texmf-dist/tex/latex/hyperref/puenc.def
File: puenc.def 2023-02-07 v7.00v Hyperref: PDF Unicode definition (HO)
)
Package hyperref Info: Hyper figures OFF on input line 4177.
Package hyperref Info: Link nesting OFF on input line 4182.
Package hyperref Info: Hyper index ON on input line 4185.
Package hyperref Info: Plain pages OFF on input line 4192.
Package hyperref Info: Backreferencing OFF on input line 4197.
Package hyperref Info: Implicit mode ON; LaTeX internals redefined.
Package hyperref Info: Bookmarks ON on input line 4425.
\c@Hy@tempcnt=\count310
 (/usr/share/texlive/texmf-dist/tex/latex/url/url.sty
\Urlmuskip=\muskip17
Package: url 2013/09/16  ver 3.4  Verb mode for urls, etc.
)
LaTeX Info: Redefining \url on input line 4763.
\XeTeXLinkMargin=\dimen282
 (/usr/share/texlive/texmf-dist/tex/generic/bitset/bitset.sty
Package: bitset 2019/12/09 v1.3 Handle bit-vector datatype (HO)
 (/usr/share/texlive/texmf-dist/tex/generic/bigintcalc/bigintcalc.sty
Package: bigintcalc 2019/12/15 v1.5 Expandable calculations on big integers (HO)
))
\Fld@menulength=\count311
\Field@Width=\dimen283
\Fld@charsize=\dimen284
Package hyperref Info: Hyper figures OFF on input line 6042.
Package hyperref Info: Link nesting OFF on input line 6047.
Package hyperref Info: Hyper index ON on input line 6050.
Package hyperref Info: backreferencing OFF on input line 6057.
Package hyperref Info: Link coloring OFF on input line 6062.
Package hyperref Info: Link coloring with OCG OFF on input line 6067.
Package hyperref Info: PDF/A mode OFF on input line 6072.
 (/usr/share/texlive/texmf-dist/tex/latex/base/atbegshi-ltx.sty
Package: atbegshi-ltx 2021/01/10 v1.0c Emulation of the original atbegshi
package with kernel methods
)
\Hy@abspage=\count312
\c@Item=\count313
\c@Hfootnote=\count314
)
Package hyperref Info: Driver (autodetected): hxetex.
 (/usr/share/texlive/texmf-dist/tex/latex/hyperref/hxetex.def
File: hxetex.def 2023-02-07 v7.00v Hyperref driver for XeTeX
 (/usr/share/texlive/texmf-dist/tex/generic/stringenc/stringenc.sty
Package: stringenc 2019/11/29 v1.12 Convert strings between diff. encodings (HO)
)
\pdfm@box=\box68
\c@Hy@AnnotLevel=\count315
\HyField@AnnotCount=\count316
\Fld@listcount=\count317
\c@bookmark@seq@number=\count318
 (/usr/share/texlive/texmf-dist/tex/latex/rerunfilecheck/rerunfilecheck.sty
Package: rerunfilecheck 2022-07-10 v1.10 Rerun checks for auxiliary files (HO)
 (/usr/share/texlive/texmf-dist/tex/latex/base/atveryend-ltx.sty
Package: atveryend-ltx 2020/08/19 v1.0a Emulation of the original atveryend package
with kernel methods
) (/usr/share/texlive/texmf-dist/tex/generic/uniquecounter/uniquecounter.sty
Package: uniquecounter 2019/12/15 v1.4 Provide unlimited unique counter (HO)
)
Package uniquecounter Info: New unique counter `rerunfilecheck' on input line 285.
)
\Hy@SectionHShift=\skip67
)
(/usr/share/texlive/texmf-dist/tex/latex/libertinus/libertinus.sty
Package: libertinus 2020/05/06 v. 0.02 (Herbert Voss) Supports libertinus fonts for pdflatex/lualatex/xelatex
 (/usr/share/texlive/texmf-dist/tex/latex/xkeyval/xkeyval.sty
Package: xkeyval 2022/06/16 v2.9 package option processing (HA)
 (/usr/share/texlive/texmf-dist/tex/generic/xkeyval/xkeyval.tex (/usr/share/texlive/texmf-dist/tex/generic/xkeyval/xkvutils.tex
\XKV@toks=\toks37
\XKV@tempa@toks=\toks38
)
\XKV@depth=\count319
File: xkeyval.tex 2014/12/03 v2.7a key=value parser (HA)
)) (/usr/share/texlive/texmf-dist/tex/latex/libertinus-otf/libertinus-otf.sty
Package: libertinus-otf 2021/07/23 v. 0.29 (Herbert Voss) Supports libertinus fonts for lualatex and xelatex.
 (/usr/share/texlive/texmf-dist/tex/generic/iftex/ifxetex.sty
Package: ifxetex 2019/10/25 v0.7 ifxetex legacy package. Use iftex instead.
) (/usr/share/texlive/texmf-dist/tex/generic/iftex/ifluatex.sty
Package: ifluatex 2019/10/25 v1.5 ifluatex legacy package. Use iftex instead.
) (/usr/share/texlive/texmf-dist/tex/latex/base/textcomp.sty
Package: textcomp 2020/02/02 v2.0n Standard LaTeX package
) (/usr/share/texlive/texmf-dist/tex/latex/unicode-math/unicode-math.sty (/usr/share/texlive/texmf-dist/tex/latex/l3kernel/expl3.sty
Package: expl3 2023-02-22 L3 programming layer (loader) 
 (/usr/share/texlive/texmf-dist/tex/latex/l3backend/l3backend-xetex.def
File: l3backend-xetex.def 2023-01-16 L3 backend support: XeTeX
\g__graphics_track_int=\count320
\l__pdf_internal_box=\box69
\g__pdf_backend_object_int=\count321
\g__pdf_backend_annotation_int=\count322
\g__pdf_backend_link_int=\count323
))
Package: unicode-math 2020/01/31 v0.8q Unicode maths in XeLaTeX and LuaLaTeX
 (/usr/share/texlive/texmf-dist/tex/latex/unicode-math/unicode-math-xetex.sty
Package: unicode-math-xetex 2020/01/31 v0.8q Unicode maths in XeLaTeX and LuaLaTeX
 (/usr/share/texlive/texmf-dist/tex/latex/l3packages/xparse/xparse.sty
Package: xparse 2023-02-02 L3 Experimental document command parser
) (/usr/share/texlive/texmf-dist/tex/latex/l3packages/l3keys2e/l3keys2e.sty
Package: l3keys2e 2023-02-02 LaTeX2e option processing using LaTeX3 keys
) (/usr/share/texlive/texmf-dist/tex/latex/fontspec/fontspec.sty
Package: fontspec 2022/01/15 v2.8a Font selection for XeLaTeX and LuaLaTeX
 (/usr/share/texlive/texmf-dist/tex/latex/fontspec/fontspec-xetex.sty
Package: fontspec-xetex 2022/01/15 v2.8a Font selection for XeLaTeX and LuaLaTeX
\l__fontspec_script_int=\count324
\l__fontspec_language_int=\count325
\l__fontspec_strnum_int=\count326
\l__fontspec_tmp_int=\count327
\l__fontspec_tmpa_int=\count328
\l__fontspec_tmpb_int=\count329
\l__fontspec_tmpc_int=\count330
\l__fontspec_em_int=\count331
\l__fontspec_emdef_int=\count332
\l__fontspec_strong_int=\count333
\l__fontspec_strongdef_int=\count334
\l__fontspec_tmpa_dim=\dimen285
\l__fontspec_tmpb_dim=\dimen286
\l__fontspec_tmpc_dim=\dimen287
 (/usr/share/texlive/texmf-dist/tex/latex/base/fontenc.sty
Package: fontenc 2021/04/29 v2.0v Standard LaTeX package
) (/usr/share/texlive/texmf-dist/tex/latex/fontspec/fontspec.cfg))) (/usr/share/texlive/texmf-dist/tex/latex/base/fix-cm.sty
Package: fix-cm 2020/11/24 v1.1t fixes to LaTeX
 (/usr/share/texlive/texmf-dist/tex/latex/base/ts1enc.def
File: ts1enc.def 2001/06/05 v3.0e (jk/car/fm) Standard LaTeX file
LaTeX Font Info:    Redeclaring font encoding TS1 on input line 47.
))
\g__um_fam_int=\count335
\g__um_fonts_used_int=\count336
\l__um_primecount_int=\count337
\g__um_primekern_muskip=\muskip18
 (/usr/share/texlive/texmf-dist/tex/latex/unicode-math/unicode-math-table.tex)))
Requested font "[LibertinusSerif-Regular.otf]/OT" at 9.99997pt
 -> /usr/share/texlive/texmf-dist/fonts/opentype/public/libertinus-fonts/LibertinusSerif-Regular.otf
Requested font "[LibertinusSerif-Regular.otf]/OT" at 10.00003pt
 -> /usr/share/texlive/texmf-dist/fonts/opentype/public/libertinus-fonts/LibertinusSerif-Regular.otf
Requested font "[LibertinusSerif-Regular.otf]/OT:script=latn;language=dflt;" at 10.00003pt
 -> /usr/share/texlive/texmf-dist/fonts/opentype/public/libertinus-fonts/LibertinusSerif-Regular.otf
Requested font "[LibertinusSerif-Bold.otf]/OT:script=latn;language=dflt;" at 10.00003pt
 -> /usr/share/texlive/texmf-dist/fonts/opentype/public/libertinus-fonts/LibertinusSerif-Bold.otf
Requested font "[LibertinusSerif-Italic.otf]/OT:script=latn;language=dflt;" at 10.00003pt
 -> /usr/share/texlive/texmf-dist/fonts/opentype/public/libertinus-fonts/LibertinusSerif-Italic.otf
Requested font "[LibertinusSerif-BoldItalic.otf]/OT:script=latn;language=dflt;" at 10.00003pt
 -> /usr/share/texlive/texmf-dist/fonts/opentype/public/libertinus-fonts/LibertinusSerif-BoldItalic.otf

Package fontspec Info: Font family 'LibertinusSerif(0)' created for font
(fontspec)             'LibertinusSerif' with options [Ligatures =
(fontspec)             TeX,SmallCapsFeatures={Letters=SmallCaps},RawFeature =
(fontspec)             {+tnum;+lnum},Scale = 1,UprightFont =
(fontspec)             *-Regular,ItalicFont = *-Italic,ItalicFeatures = {
(fontspec)             SmallCapsFont = *-Italic },SlantedFont =
(fontspec)             *-Regular,SlantedFeatures= {FakeSlant=0.2},BoldFont =
(fontspec)             *-Bold,BoldFeatures = { SmallCapsFont =
(fontspec)             *-Bold},BoldItalicFont =
(fontspec)             *-BoldItalic,BoldItalicFeatures = { SmallCapsFont =
(fontspec)             *-BoldItalic },BoldSlantedFont=
(fontspec)             *-Bold,BoldSlantedFeatures= {FakeSlant=0.2,
(fontspec)             SmallCapsFont = *-Bold},SmallCapsFont =
(fontspec)             *-Regular,SmallCapsFeatures={Letters=SmallCaps},Extension
(fontspec)             = .otf].
(fontspec)              
(fontspec)              This font family consists of the following NFSS
(fontspec)             series/shapes:
(fontspec)              
(fontspec)             - 'normal' (m/n) with NFSS spec.:
(fontspec)             <->s*[1]"[LibertinusSerif-Regular.otf]/OT:script=latn;language=dflt;+tnum;+lnum;mapping=tex-text;"
(fontspec)             - 'small caps'  (m/sc) with NFSS spec.:
(fontspec)             <->s*[1]"[LibertinusSerif-Regular.otf]/OT:script=latn;language=dflt;+tnum;+lnum;+smcp;mapping=tex-text;"
(fontspec)             - 'bold' (b/n) with NFSS spec.:
(fontspec)             <->s*[1]"[LibertinusSerif-Bold.otf]/OT:script=latn;language=dflt;+tnum;+lnum;mapping=tex-text;"
(fontspec)             - 'bold small caps'  (b/sc) with NFSS spec.:
(fontspec)             <->s*[1]"[LibertinusSerif-Bold.otf]/OT:script=latn;language=dflt;+tnum;+lnum;+smcp;mapping=tex-text;"
(fontspec)             - 'italic' (m/it) with NFSS spec.:
(fontspec)             <->s*[1]"[LibertinusSerif-Italic.otf]/OT:script=latn;language=dflt;+tnum;+lnum;mapping=tex-text;"
(fontspec)             - 'italic small caps'  (m/scit) with NFSS spec.:
(fontspec)             <->s*[1]"[LibertinusSerif-Italic.otf]/OT:script=latn;language=dflt;+tnum;+lnum;+smcp;mapping=tex-text;"
(fontspec)             - 'slanted' (m/sl) with NFSS spec.:
(fontspec)             <->s*[1]"[LibertinusSerif-Regular.otf]/OT:script=latn;language=dflt;slant=0.2;+tnum;+lnum;mapping=tex-text;"
(fontspec)             - 'slanted small caps'  (m/scsl) with NFSS spec.:
(fontspec)             <->s*[1]"[LibertinusSerif-Regular.otf]/OT:script=latn;language=dflt;slant=0.2;+tnum;+lnum;+smcp;mapping=tex-text;"
(fontspec)             - 'bold italic' (b/it) with NFSS spec.:
(fontspec)             <->s*[1]"[LibertinusSerif-BoldItalic.otf]/OT:script=latn;language=dflt;+tnum;+lnum;mapping=tex-text;"
(fontspec)             - 'bold italic small caps'  (b/scit) with NFSS spec.:
(fontspec)             <->s*[1]"[LibertinusSerif-BoldItalic.otf]/OT:script=latn;language=dflt;+tnum;+lnum;+smcp;mapping=tex-text;"
(fontspec)             - 'bold slanted' (b/sl) with NFSS spec.:
(fontspec)             <->s*[1]"[LibertinusSerif-Bold.otf]/OT:script=latn;language=dflt;slant=0.2;+tnum;+lnum;mapping=tex-text;"
(fontspec)             - 'bold slanted small caps'  (b/scsl) with NFSS spec.:
(fontspec)             <->s*[1]"[LibertinusSerif-Bold.otf]/OT:script=latn;language=dflt;slant=0.2;+tnum;+lnum;+smcp;mapping=tex-text;"


Package fontspec Info: Font family 'LibertinusSerif(1)' created for font
(fontspec)             'LibertinusSerif' with options [RawFeature =
(fontspec)             {+tnum;+lnum},Scale = 1,UprightFont =
(fontspec)             *-Regular,ItalicFont = *-Italic,ItalicFeatures = {
(fontspec)             SmallCapsFont = *-Italic },SlantedFont =
(fontspec)             *-Regular,SlantedFeatures= {FakeSlant=0.2},BoldFont =
(fontspec)             *-Bold,BoldFeatures = { SmallCapsFont =
(fontspec)             *-Bold},BoldItalicFont =
(fontspec)             *-BoldItalic,BoldItalicFeatures = { SmallCapsFont =
(fontspec)             *-BoldItalic },BoldSlantedFont=
(fontspec)             *-Bold,BoldSlantedFeatures= {FakeSlant=0.2,
(fontspec)             SmallCapsFont = *-Bold},SmallCapsFont =
(fontspec)             *-Regular,SmallCapsFeatures={Letters=SmallCaps},Extension
(fontspec)             = .otf].
(fontspec)              
(fontspec)              This font family consists of the following NFSS
(fontspec)             series/shapes:
(fontspec)              
(fontspec)             - 'normal' (m/n) with NFSS spec.:
(fontspec)             <->s*[1]"[LibertinusSerif-Regular.otf]/OT:script=latn;language=dflt;+tnum;+lnum;"
(fontspec)             - 'small caps'  (m/sc) with NFSS spec.:
(fontspec)             <->s*[1]"[LibertinusSerif-Regular.otf]/OT:script=latn;language=dflt;+tnum;+lnum;+smcp;"
(fontspec)             - 'bold' (b/n) with NFSS spec.:
(fontspec)             <->s*[1]"[LibertinusSerif-Bold.otf]/OT:script=latn;language=dflt;+tnum;+lnum;"
(fontspec)             - 'bold small caps'  (b/sc) with NFSS spec.:
(fontspec)             <->s*[1]"[LibertinusSerif-Bold.otf]/OT:script=latn;language=dflt;+tnum;+lnum;+smcp;"
(fontspec)             - 'italic' (m/it) with NFSS spec.:
(fontspec)             <->s*[1]"[LibertinusSerif-Italic.otf]/OT:script=latn;language=dflt;+tnum;+lnum;"
(fontspec)             - 'italic small caps'  (m/scit) with NFSS spec.:
(fontspec)             <->s*[1]"[LibertinusSerif-Italic.otf]/OT:script=latn;language=dflt;+tnum;+lnum;+smcp;"
(fontspec)             - 'slanted' (m/sl) with NFSS spec.:
(fontspec)             <->s*[1]"[LibertinusSerif-Regular.otf]/OT:script=latn;language=dflt;slant=0.2;+tnum;+lnum;"
(fontspec)             - 'slanted small caps'  (m/scsl) with NFSS spec.:
(fontspec)             <->s*[1]"[LibertinusSerif-Regular.otf]/OT:script=latn;language=dflt;slant=0.2;+tnum;+lnum;+smcp;"
(fontspec)             - 'bold italic' (b/it) with NFSS spec.:
(fontspec)             <->s*[1]"[LibertinusSerif-BoldItalic.otf]/OT:script=latn;language=dflt;+tnum;+lnum;"
(fontspec)             - 'bold italic small caps'  (b/scit) with NFSS spec.:
(fontspec)             <->s*[1]"[LibertinusSerif-BoldItalic.otf]/OT:script=latn;language=dflt;+tnum;+lnum;+smcp;"
(fontspec)             - 'bold slanted' (b/sl) with NFSS spec.:
(fontspec)             <->s*[1]"[LibertinusSerif-Bold.otf]/OT:script=latn;language=dflt;slant=0.2;+tnum;+lnum;"
(fontspec)             - 'bold slanted small caps'  (b/scsl) with NFSS spec.:
(fontspec)             <->s*[1]"[LibertinusSerif-Bold.otf]/OT:script=latn;language=dflt;slant=0.2;+tnum;+lnum;+smcp;"

LaTeX Font Info:    Overwriting math alphabet `\mathrm' in version `normal'
(Font)                  OT1/cmr/m/n --> TU/LibertinusSerif(1)/m/n on input line 113.
LaTeX Font Info:    Overwriting math alphabet `\mathit' in version `normal'
(Font)                  OT1/cmr/m/it --> TU/LibertinusSerif(1)/m/it on input line 113.
LaTeX Font Info:    Overwriting math alphabet `\mathbf' in version `normal'
(Font)                  OT1/cmr/bx/n --> TU/LibertinusSerif(1)/b/n on input line 113.
LaTeX Font Info:    Font shape `TU/LibertinusSerif(0)/m/n' will be
(Font)              scaled to size 10.0pt on input line 113.
Requested font "[LibertinusSerif-Regular.otf]/OT:script=latn;language=dflt;+tnum;+lnum;mapping=tex-text;" at 10.0pt
 -> /usr/share/texlive/texmf-dist/fonts/opentype/public/libertinus-fonts/LibertinusSerif-Regular.otf
Requested font "[LibertinusSerif-Semibold.otf]/OT:script=latn;language=dflt;" at 10.00003pt
 -> /usr/share/texlive/texmf-dist/fonts/opentype/public/libertinus-fonts/LibertinusSerif-Semibold.otf
Requested font "[LibertinusSerif-SemiboldItalic.otf]/OT:script=latn;language=dflt;" at 10.00003pt
 -> /usr/share/texlive/texmf-dist/fonts/opentype/public/libertinus-fonts/LibertinusSerif-SemiboldItalic.otf

Package fontspec Info: Font family 'LibertinusSerif(2)' created for font
(fontspec)             'LibertinusSerif' with options [RawFeature =
(fontspec)             {+tnum;+lnum},Scale = 1,UprightFont =
(fontspec)             *-Regular,ItalicFont = *-Italic,ItalicFeatures = {
(fontspec)             SmallCapsFont = *-Italic },SlantedFont =
(fontspec)             *-Regular,SlantedFeatures= {FakeSlant=0.2},BoldFont =
(fontspec)             *-Semibold,BoldFeatures = { SmallCapsFont = *-Semibold
(fontspec)             },BoldItalicFont = *-SemiboldItalic,BoldItalicFeatures
(fontspec)             = { SmallCapsFont = *-SemiboldItalic },BoldSlantedFont=
(fontspec)             *-Semibold,BoldSlantedFeatures = {FakeSlant=0.2,
(fontspec)             SmallCapsFont = *-Semibold },SmallCapsFont =
(fontspec)             *-Regular,SmallCapsFeatures={Letters=SmallCaps},Extension
(fontspec)             = .otf].
(fontspec)              
(fontspec)              This font family consists of the following NFSS
(fontspec)             series/shapes:
(fontspec)              
(fontspec)             - 'normal' (m/n) with NFSS spec.:
(fontspec)             <->s*[1]"[LibertinusSerif-Regular.otf]/OT:script=latn;language=dflt;+tnum;+lnum;"
(fontspec)             - 'small caps'  (m/sc) with NFSS spec.:
(fontspec)             <->s*[1]"[LibertinusSerif-Regular.otf]/OT:script=latn;language=dflt;+tnum;+lnum;+smcp;"
(fontspec)             - 'bold' (b/n) with NFSS spec.:
(fontspec)             <->s*[1]"[LibertinusSerif-Semibold.otf]/OT:script=latn;language=dflt;+tnum;+lnum;"
(fontspec)             - 'bold small caps'  (b/sc) with NFSS spec.:
(fontspec)             <->s*[1]"[LibertinusSerif-Semibold.otf]/OT:script=latn;language=dflt;+tnum;+lnum;+smcp;"
(fontspec)             - 'italic' (m/it) with NFSS spec.:
(fontspec)             <->s*[1]"[LibertinusSerif-Italic.otf]/OT:script=latn;language=dflt;+tnum;+lnum;"
(fontspec)             - 'italic small caps'  (m/scit) with NFSS spec.:
(fontspec)             <->s*[1]"[LibertinusSerif-Italic.otf]/OT:script=latn;language=dflt;+tnum;+lnum;+smcp;"
(fontspec)             - 'slanted' (m/sl) with NFSS spec.:
(fontspec)             <->s*[1]"[LibertinusSerif-Regular.otf]/OT:script=latn;language=dflt;slant=0.2;+tnum;+lnum;"
(fontspec)             - 'slanted small caps'  (m/scsl) with NFSS spec.:
(fontspec)             <->s*[1]"[LibertinusSerif-Regular.otf]/OT:script=latn;language=dflt;slant=0.2;+tnum;+lnum;+smcp;"
(fontspec)             - 'bold italic' (b/it) with NFSS spec.:
(fontspec)             <->s*[1]"[LibertinusSerif-SemiboldItalic.otf]/OT:script=latn;language=dflt;+tnum;+lnum;"
(fontspec)             - 'bold italic small caps'  (b/scit) with NFSS spec.:
(fontspec)             <->s*[1]"[LibertinusSerif-SemiboldItalic.otf]/OT:script=latn;language=dflt;+tnum;+lnum;+smcp;"
(fontspec)             - 'bold slanted' (b/sl) with NFSS spec.:
(fontspec)             <->s*[1]"[LibertinusSerif-Semibold.otf]/OT:script=latn;language=dflt;slant=0.2;+tnum;+lnum;"
(fontspec)             - 'bold slanted small caps'  (b/scsl) with NFSS spec.:
(fontspec)             <->s*[1]"[LibertinusSerif-Semibold.otf]/OT:script=latn;language=dflt;slant=0.2;+tnum;+lnum;+smcp;"


Package fontspec Info: Font family 'LibertinusSerif(3)' created for font
(fontspec)             'LibertinusSerif' with options [RawFeature =
(fontspec)             {+onum},Scale = 1,UprightFont = *-Regular,ItalicFont =
(fontspec)             *-Italic,ItalicFeatures = { SmallCapsFont = *-Italic
(fontspec)             },SlantedFont = *-Regular,SlantedFeatures=
(fontspec)             {FakeSlant=0.2},BoldFont = *-Bold,BoldFeatures = {
(fontspec)             SmallCapsFont = *-Bold},BoldItalicFont =
(fontspec)             *-BoldItalic,BoldItalicFeatures = { SmallCapsFont =
(fontspec)             *-BoldItalic },BoldSlantedFont=
(fontspec)             *-Bold,BoldSlantedFeatures = {FakeSlant=0.2,
(fontspec)             SmallCapsFont = *-Bold},SmallCapsFont =
(fontspec)             *-Regular,SmallCapsFeatures={Letters=SmallCaps},Extension
(fontspec)             = .otf].
(fontspec)              
(fontspec)              This font family consists of the following NFSS
(fontspec)             series/shapes:
(fontspec)              
(fontspec)             - 'normal' (m/n) with NFSS spec.:
(fontspec)             <->s*[1]"[LibertinusSerif-Regular.otf]/OT:script=latn;language=dflt;+onum;"
(fontspec)             - 'small caps'  (m/sc) with NFSS spec.:
(fontspec)             <->s*[1]"[LibertinusSerif-Regular.otf]/OT:script=latn;language=dflt;+onum;+smcp;"
(fontspec)             - 'bold' (b/n) with NFSS spec.:
(fontspec)             <->s*[1]"[LibertinusSerif-Bold.otf]/OT:script=latn;language=dflt;+onum;"
(fontspec)             - 'bold small caps'  (b/sc) with NFSS spec.:
(fontspec)             <->s*[1]"[LibertinusSerif-Bold.otf]/OT:script=latn;language=dflt;+onum;+smcp;"
(fontspec)             - 'italic' (m/it) with NFSS spec.:
(fontspec)             <->s*[1]"[LibertinusSerif-Italic.otf]/OT:script=latn;language=dflt;+onum;"
(fontspec)             - 'italic small caps'  (m/scit) with NFSS spec.:
(fontspec)             <->s*[1]"[LibertinusSerif-Italic.otf]/OT:script=latn;language=dflt;+onum;+smcp;"
(fontspec)             - 'slanted' (m/sl) with NFSS spec.:
(fontspec)             <->s*[1]"[LibertinusSerif-Regular.otf]/OT:script=latn;language=dflt;slant=0.2;+onum;"
(fontspec)             - 'slanted small caps'  (m/scsl) with NFSS spec.:
(fontspec)             <->s*[1]"[LibertinusSerif-Regular.otf]/OT:script=latn;language=dflt;slant=0.2;+onum;+smcp;"
(fontspec)             - 'bold italic' (b/it) with NFSS spec.:
(fontspec)             <->s*[1]"[LibertinusSerif-BoldItalic.otf]/OT:script=latn;language=dflt;+onum;"
(fontspec)             - 'bold italic small caps'  (b/scit) with NFSS spec.:
(fontspec)             <->s*[1]"[LibertinusSerif-BoldItalic.otf]/OT:script=latn;language=dflt;+onum;+smcp;"
(fontspec)             - 'bold slanted' (b/sl) with NFSS spec.:
(fontspec)             <->s*[1]"[LibertinusSerif-Bold.otf]/OT:script=latn;language=dflt;slant=0.2;+onum;"
(fontspec)             - 'bold slanted small caps'  (b/scsl) with NFSS spec.:
(fontspec)             <->s*[1]"[LibertinusSerif-Bold.otf]/OT:script=latn;language=dflt;slant=0.2;+onum;+smcp;"


Package fontspec Info: Font family 'LibertinusSerif(4)' created for font
(fontspec)             'LibertinusSerif' with options [RawFeature =
(fontspec)             {+tnum;-onum},Scale = 1,UprightFont =
(fontspec)             *-Regular,ItalicFont = *-Italic,ItalicFeatures = {
(fontspec)             SmallCapsFont = *-Italic },SlantedFont =
(fontspec)             *-Regular,SlantedFeatures= {FakeSlant=0.2},BoldFont =
(fontspec)             *-Bold,BoldFeatures = { SmallCapsFont =
(fontspec)             *-Bold},BoldItalicFont =
(fontspec)             *-BoldItalic,BoldItalicFeatures = { SmallCapsFont =
(fontspec)             *-BoldItalic },BoldSlantedFont=
(fontspec)             *-Bold,BoldSlantedFeatures = {FakeSlant=0.2,
(fontspec)             SmallCapsFont = *-Bold},SmallCapsFont =
(fontspec)             *-Regular,SmallCapsFeatures={Letters=SmallCaps},Extension
(fontspec)             = .otf].
(fontspec)              
(fontspec)              This font family consists of the following NFSS
(fontspec)             series/shapes:
(fontspec)              
(fontspec)             - 'normal' (m/n) with NFSS spec.:
(fontspec)             <->s*[1]"[LibertinusSerif-Regular.otf]/OT:script=latn;language=dflt;+tnum;-onum;"
(fontspec)             - 'small caps'  (m/sc) with NFSS spec.:
(fontspec)             <->s*[1]"[LibertinusSerif-Regular.otf]/OT:script=latn;language=dflt;+tnum;-onum;+smcp;"
(fontspec)             - 'bold' (b/n) with NFSS spec.:
(fontspec)             <->s*[1]"[LibertinusSerif-Bold.otf]/OT:script=latn;language=dflt;+tnum;-onum;"
(fontspec)             - 'bold small caps'  (b/sc) with NFSS spec.:
(fontspec)             <->s*[1]"[LibertinusSerif-Bold.otf]/OT:script=latn;language=dflt;+tnum;-onum;+smcp;"
(fontspec)             - 'italic' (m/it) with NFSS spec.:
(fontspec)             <->s*[1]"[LibertinusSerif-Italic.otf]/OT:script=latn;language=dflt;+tnum;-onum;"
(fontspec)             - 'italic small caps'  (m/scit) with NFSS spec.:
(fontspec)             <->s*[1]"[LibertinusSerif-Italic.otf]/OT:script=latn;language=dflt;+tnum;-onum;+smcp;"
(fontspec)             - 'slanted' (m/sl) with NFSS spec.:
(fontspec)             <->s*[1]"[LibertinusSerif-Regular.otf]/OT:script=latn;language=dflt;slant=0.2;+tnum;-onum;"
(fontspec)             - 'slanted small caps'  (m/scsl) with NFSS spec.:
(fontspec)             <->s*[1]"[LibertinusSerif-Regular.otf]/OT:script=latn;language=dflt;slant=0.2;+tnum;-onum;+smcp;"
(fontspec)             - 'bold italic' (b/it) with NFSS spec.:
(fontspec)             <->s*[1]"[LibertinusSerif-BoldItalic.otf]/OT:script=latn;language=dflt;+tnum;-onum;"
(fontspec)             - 'bold italic small caps'  (b/scit) with NFSS spec.:
(fontspec)             <->s*[1]"[LibertinusSerif-BoldItalic.otf]/OT:script=latn;language=dflt;+tnum;-onum;+smcp;"
(fontspec)             - 'bold slanted' (b/sl) with NFSS spec.:
(fontspec)             <->s*[1]"[LibertinusSerif-Bold.otf]/OT:script=latn;language=dflt;slant=0.2;+tnum;-onum;"
(fontspec)             - 'bold slanted small caps'  (b/scsl) with NFSS spec.:
(fontspec)             <->s*[1]"[LibertinusSerif-Bold.otf]/OT:script=latn;language=dflt;slant=0.2;+tnum;-onum;+smcp;"

Requested font "[LibertinusSans-Regular.otf]/OT" at 9.99997pt
 -> /usr/share/texlive/texmf-dist/fonts/opentype/public/libertinus-fonts/LibertinusSans-Regular.otf
Requested font "[LibertinusSans-Regular.otf]/OT" at 10.00003pt
 -> /usr/share/texlive/texmf-dist/fonts/opentype/public/libertinus-fonts/LibertinusSans-Regular.otf
Requested font "[LibertinusSans-Regular.otf]/OT:script=latn;language=dflt;" at 10.00003pt
 -> /usr/share/texlive/texmf-dist/fonts/opentype/public/libertinus-fonts/LibertinusSans-Regular.otf
Requested font "[LibertinusSans-Bold.otf]/OT:script=latn;language=dflt;" at 10.00003pt
 -> /usr/share/texlive/texmf-dist/fonts/opentype/public/libertinus-fonts/LibertinusSans-Bold.otf
Requested font "[LibertinusSans-Italic.otf]/OT:script=latn;language=dflt;" at 10.00003pt
 -> /usr/share/texlive/texmf-dist/fonts/opentype/public/libertinus-fonts/LibertinusSans-Italic.otf

Package fontspec Info: Font family 'LibertinusSans(0)' created for font
(fontspec)             'LibertinusSans' with options [Ligatures =
(fontspec)             TeX,SmallCapsFeatures={Letters=SmallCaps},Extension =
(fontspec)             .otf,RawFeature = {+tnum;+lnum},Scale = 1,UprightFont =
(fontspec)             *-Regular,ItalicFont = *-Italic,ItalicFeatures = {
(fontspec)             SmallCapsFont = *-Italic },SlantedFont =
(fontspec)             *-Regular,SlantedFeatures= {FakeSlant=0.2},BoldFont =
(fontspec)             *-Bold,BoldFeatures = { SmallCapsFont = *-Bold
(fontspec)             },BoldItalicFont = *-Italic,BoldItalicFeatures =
(fontspec)             {RawFeature={embolden=3},SmallCapsFont = *-Italic
(fontspec)             },BoldSlantedFont= *-Bold,BoldSlantedFeatures =
(fontspec)             {FakeSlant=0.2, SmallCapsFont = *-Bold },SmallCapsFont
(fontspec)             = *-Regular,SmallCapsFeatures={Letters=SmallCaps}].
(fontspec)              
(fontspec)              This font family consists of the following NFSS
(fontspec)             series/shapes:
(fontspec)              
(fontspec)             - 'normal' (m/n) with NFSS spec.:
(fontspec)             <->s*[1]"[LibertinusSans-Regular.otf]/OT:script=latn;language=dflt;+tnum;+lnum;mapping=tex-text;"
(fontspec)             - 'small caps'  (m/sc) with NFSS spec.:
(fontspec)             <->s*[1]"[LibertinusSans-Regular.otf]/OT:script=latn;language=dflt;+tnum;+lnum;+smcp;mapping=tex-text;"
(fontspec)             - 'bold' (b/n) with NFSS spec.:
(fontspec)             <->s*[1]"[LibertinusSans-Bold.otf]/OT:script=latn;language=dflt;+tnum;+lnum;mapping=tex-text;"
(fontspec)             - 'bold small caps'  (b/sc) with NFSS spec.:
(fontspec)             <->s*[1]"[LibertinusSans-Bold.otf]/OT:script=latn;language=dflt;+tnum;+lnum;+smcp;mapping=tex-text;"
(fontspec)             - 'italic' (m/it) with NFSS spec.:
(fontspec)             <->s*[1]"[LibertinusSans-Italic.otf]/OT:script=latn;language=dflt;+tnum;+lnum;mapping=tex-text;"
(fontspec)             - 'italic small caps'  (m/scit) with NFSS spec.:
(fontspec)             <->s*[1]"[LibertinusSans-Italic.otf]/OT:script=latn;language=dflt;+tnum;+lnum;+smcp;mapping=tex-text;"
(fontspec)             - 'slanted' (m/sl) with NFSS spec.:
(fontspec)             <->s*[1]"[LibertinusSans-Regular.otf]/OT:script=latn;language=dflt;slant=0.2;+tnum;+lnum;mapping=tex-text;"
(fontspec)             - 'slanted small caps'  (m/scsl) with NFSS spec.:
(fontspec)             <->s*[1]"[LibertinusSans-Regular.otf]/OT:script=latn;language=dflt;slant=0.2;+tnum;+lnum;+smcp;mapping=tex-text;"
(fontspec)             - 'bold italic' (b/it) with NFSS spec.:
(fontspec)             <->s*[1]"[LibertinusSans-Italic.otf]/OT:script=latn;language=dflt;+tnum;+lnum;embolden=3;mapping=tex-text;"
(fontspec)             - 'bold italic small caps'  (b/scit) with NFSS spec.:
(fontspec)             <->s*[1]"[LibertinusSans-Italic.otf]/OT:script=latn;language=dflt;+tnum;+lnum;embolden=3;+smcp;mapping=tex-text;"
(fontspec)             - 'bold slanted' (b/sl) with NFSS spec.:
(fontspec)             <->s*[1]"[LibertinusSans-Bold.otf]/OT:script=latn;language=dflt;slant=0.2;+tnum;+lnum;mapping=tex-text;"
(fontspec)             - 'bold slanted small caps'  (b/scsl) with NFSS spec.:
(fontspec)             <->s*[1]"[LibertinusSans-Bold.otf]/OT:script=latn;language=dflt;slant=0.2;+tnum;+lnum;+smcp;mapping=tex-text;"


Package fontspec Info: Font family 'LibertinusSans(1)' created for font
(fontspec)             'LibertinusSans' with options [Extension =
(fontspec)             .otf,RawFeature = {+tnum;+lnum},Scale = 1,UprightFont =
(fontspec)             *-Regular,ItalicFont = *-Italic,ItalicFeatures = {
(fontspec)             SmallCapsFont = *-Italic },SlantedFont =
(fontspec)             *-Regular,SlantedFeatures= {FakeSlant=0.2},BoldFont =
(fontspec)             *-Bold,BoldFeatures = { SmallCapsFont = *-Bold
(fontspec)             },BoldItalicFont = *-Italic,BoldItalicFeatures =
(fontspec)             {RawFeature={embolden=3},SmallCapsFont = *-Italic
(fontspec)             },BoldSlantedFont= *-Bold,BoldSlantedFeatures =
(fontspec)             {FakeSlant=0.2, SmallCapsFont = *-Bold },SmallCapsFont
(fontspec)             = *-Regular,SmallCapsFeatures={Letters=SmallCaps}].
(fontspec)              
(fontspec)              This font family consists of the following NFSS
(fontspec)             series/shapes:
(fontspec)              
(fontspec)             - 'normal' (m/n) with NFSS spec.:
(fontspec)             <->s*[1]"[LibertinusSans-Regular.otf]/OT:script=latn;language=dflt;+tnum;+lnum;"
(fontspec)             - 'small caps'  (m/sc) with NFSS spec.:
(fontspec)             <->s*[1]"[LibertinusSans-Regular.otf]/OT:script=latn;language=dflt;+tnum;+lnum;+smcp;"
(fontspec)             - 'bold' (b/n) with NFSS spec.:
(fontspec)             <->s*[1]"[LibertinusSans-Bold.otf]/OT:script=latn;language=dflt;+tnum;+lnum;"
(fontspec)             - 'bold small caps'  (b/sc) with NFSS spec.:
(fontspec)             <->s*[1]"[LibertinusSans-Bold.otf]/OT:script=latn;language=dflt;+tnum;+lnum;+smcp;"
(fontspec)             - 'italic' (m/it) with NFSS spec.:
(fontspec)             <->s*[1]"[LibertinusSans-Italic.otf]/OT:script=latn;language=dflt;+tnum;+lnum;"
(fontspec)             - 'italic small caps'  (m/scit) with NFSS spec.:
(fontspec)             <->s*[1]"[LibertinusSans-Italic.otf]/OT:script=latn;language=dflt;+tnum;+lnum;+smcp;"
(fontspec)             - 'slanted' (m/sl) with NFSS spec.:
(fontspec)             <->s*[1]"[LibertinusSans-Regular.otf]/OT:script=latn;language=dflt;slant=0.2;+tnum;+lnum;"
(fontspec)             - 'slanted small caps'  (m/scsl) with NFSS spec.:
(fontspec)             <->s*[1]"[LibertinusSans-Regular.otf]/OT:script=latn;language=dflt;slant=0.2;+tnum;+lnum;+smcp;"
(fontspec)             - 'bold italic' (b/it) with NFSS spec.:
(fontspec)             <->s*[1]"[LibertinusSans-Italic.otf]/OT:script=latn;language=dflt;+tnum;+lnum;embolden=3;"
(fontspec)             - 'bold italic small caps'  (b/scit) with NFSS spec.:
(fontspec)             <->s*[1]"[LibertinusSans-Italic.otf]/OT:script=latn;language=dflt;+tnum;+lnum;embolden=3;+smcp;"
(fontspec)             - 'bold slanted' (b/sl) with NFSS spec.:
(fontspec)             <->s*[1]"[LibertinusSans-Bold.otf]/OT:script=latn;language=dflt;slant=0.2;+tnum;+lnum;"
(fontspec)             - 'bold slanted small caps'  (b/scsl) with NFSS spec.:
(fontspec)             <->s*[1]"[LibertinusSans-Bold.otf]/OT:script=latn;language=dflt;slant=0.2;+tnum;+lnum;+smcp;"

LaTeX Font Info:    Overwriting math alphabet `\mathsf' in version `normal'
(Font)                  OT1/cmss/m/n --> TU/LibertinusSans(1)/m/n on input line 193.
LaTeX Font Info:    Overwriting math alphabet `\mathsf' in version `bold'
(Font)                  OT1/cmss/bx/n --> TU/LibertinusSans(1)/b/n on input line 193.

Package fontspec Info: Font family 'LibertinusSans(2)' created for font
(fontspec)             'LibertinusSans' with options [RawFeature =
(fontspec)             {+onum;+pnum},Scale = 1,UprightFont =
(fontspec)             *-Regular,ItalicFont = *-Italic,ItalicFeatures = {
(fontspec)             SmallCapsFont = *-Italic },SlantedFont =
(fontspec)             *-Regular,SlantedFeatures= {FakeSlant=0.2},BoldFont =
(fontspec)             *-Bold,BoldFeatures = { SmallCapsFont = *-Bold
(fontspec)             },BoldItalicFont = *-Italic,BoldItalicFeatures =
(fontspec)             {RawFeature={embolden=3}},BoldSlantedFont=
(fontspec)             *-Bold,BoldSlantedFeatures = {FakeSlant=0.2,
(fontspec)             SmallCapsFont = *-Bold },SmallCapsFont =
(fontspec)             *-Regular,SmallCapsFeatures={Letters=SmallCaps},Extension
(fontspec)             = .otf].
(fontspec)              
(fontspec)              This font family consists of the following NFSS
(fontspec)             series/shapes:
(fontspec)              
(fontspec)             - 'normal' (m/n) with NFSS spec.:
(fontspec)             <->s*[1]"[LibertinusSans-Regular.otf]/OT:script=latn;language=dflt;+onum;+pnum;"
(fontspec)             - 'small caps'  (m/sc) with NFSS spec.:
(fontspec)             <->s*[1]"[LibertinusSans-Regular.otf]/OT:script=latn;language=dflt;+onum;+pnum;+smcp;"
(fontspec)             - 'bold' (b/n) with NFSS spec.:
(fontspec)             <->s*[1]"[LibertinusSans-Bold.otf]/OT:script=latn;language=dflt;+onum;+pnum;"
(fontspec)             - 'bold small caps'  (b/sc) with NFSS spec.:
(fontspec)             <->s*[1]"[LibertinusSans-Bold.otf]/OT:script=latn;language=dflt;+onum;+pnum;+smcp;"
(fontspec)             - 'italic' (m/it) with NFSS spec.:
(fontspec)             <->s*[1]"[LibertinusSans-Italic.otf]/OT:script=latn;language=dflt;+onum;+pnum;"
(fontspec)             - 'italic small caps'  (m/scit) with NFSS spec.:
(fontspec)             <->s*[1]"[LibertinusSans-Italic.otf]/OT:script=latn;language=dflt;+onum;+pnum;+smcp;"
(fontspec)             - 'slanted' (m/sl) with NFSS spec.:
(fontspec)             <->s*[1]"[LibertinusSans-Regular.otf]/OT:script=latn;language=dflt;slant=0.2;+onum;+pnum;"
(fontspec)             - 'slanted small caps'  (m/scsl) with NFSS spec.:
(fontspec)             <->s*[1]"[LibertinusSans-Regular.otf]/OT:script=latn;language=dflt;slant=0.2;+onum;+pnum;+smcp;"
(fontspec)             - 'bold italic' (b/it) with NFSS spec.:
(fontspec)             <->s*[1]"[LibertinusSans-Italic.otf]/OT:script=latn;language=dflt;+onum;+pnum;embolden=3;"
(fontspec)             - 'bold italic small caps'  (b/scit) with NFSS spec.:
(fontspec)             <->s*[1]"[LibertinusSans-Regular.otf]/OT:script=latn;language=dflt;+onum;+pnum;embolden=3;+smcp;"
(fontspec)             - 'bold slanted' (b/sl) with NFSS spec.:
(fontspec)             <->s*[1]"[LibertinusSans-Bold.otf]/OT:script=latn;language=dflt;slant=0.2;+onum;+pnum;"
(fontspec)             - 'bold slanted small caps'  (b/scsl) with NFSS spec.:
(fontspec)             <->s*[1]"[LibertinusSans-Bold.otf]/OT:script=latn;language=dflt;slant=0.2;+onum;+pnum;+smcp;"


Package fontspec Info: Font family 'LibertinusSans(3)' created for font
(fontspec)             'LibertinusSans' with options [RawFeature =
(fontspec)             {+lnum;-onum;+tnum},Scale = 1,UprightFont =
(fontspec)             *-Regular,ItalicFont = *-Italic,ItalicFeatures = {
(fontspec)             SmallCapsFont = *-Italic },SlantedFont =
(fontspec)             *-Regular,SlantedFeatures= {FakeSlant=0.2},BoldFont =
(fontspec)             *-Bold,BoldFeatures = { SmallCapsFont = *-Bold
(fontspec)             },BoldItalicFont = *-Italic,BoldItalicFeatures =
(fontspec)             {RawFeature={embolden=3}},BoldSlantedFont=
(fontspec)             *-Bold,BoldSlantedFeatures = {FakeSlant=0.2,
(fontspec)             SmallCapsFont = *-Bold },SmallCapsFont =
(fontspec)             *-Regular,SmallCapsFeatures={Letters=SmallCaps},Extension
(fontspec)             = .otf].
(fontspec)              
(fontspec)              This font family consists of the following NFSS
(fontspec)             series/shapes:
(fontspec)              
(fontspec)             - 'normal' (m/n) with NFSS spec.:
(fontspec)             <->s*[1]"[LibertinusSans-Regular.otf]/OT:script=latn;language=dflt;+lnum;-onum;+tnum;"
(fontspec)             - 'small caps'  (m/sc) with NFSS spec.:
(fontspec)             <->s*[1]"[LibertinusSans-Regular.otf]/OT:script=latn;language=dflt;+lnum;-onum;+tnum;+smcp;"
(fontspec)             - 'bold' (b/n) with NFSS spec.:
(fontspec)             <->s*[1]"[LibertinusSans-Bold.otf]/OT:script=latn;language=dflt;+lnum;-onum;+tnum;"
(fontspec)             - 'bold small caps'  (b/sc) with NFSS spec.:
(fontspec)             <->s*[1]"[LibertinusSans-Bold.otf]/OT:script=latn;language=dflt;+lnum;-onum;+tnum;+smcp;"
(fontspec)             - 'italic' (m/it) with NFSS spec.:
(fontspec)             <->s*[1]"[LibertinusSans-Italic.otf]/OT:script=latn;language=dflt;+lnum;-onum;+tnum;"
(fontspec)             - 'italic small caps'  (m/scit) with NFSS spec.:
(fontspec)             <->s*[1]"[LibertinusSans-Italic.otf]/OT:script=latn;language=dflt;+lnum;-onum;+tnum;+smcp;"
(fontspec)             - 'slanted' (m/sl) with NFSS spec.:
(fontspec)             <->s*[1]"[LibertinusSans-Regular.otf]/OT:script=latn;language=dflt;slant=0.2;+lnum;-onum;+tnum;"
(fontspec)             - 'slanted small caps'  (m/scsl) with NFSS spec.:
(fontspec)             <->s*[1]"[LibertinusSans-Regular.otf]/OT:script=latn;language=dflt;slant=0.2;+lnum;-onum;+tnum;+smcp;"
(fontspec)             - 'bold italic' (b/it) with NFSS spec.:
(fontspec)             <->s*[1]"[LibertinusSans-Italic.otf]/OT:script=latn;language=dflt;+lnum;-onum;+tnum;embolden=3;"
(fontspec)             - 'bold italic small caps'  (b/scit) with NFSS spec.:
(fontspec)             <->s*[1]"[LibertinusSans-Regular.otf]/OT:script=latn;language=dflt;+lnum;-onum;+tnum;embolden=3;+smcp;"
(fontspec)             - 'bold slanted' (b/sl) with NFSS spec.:
(fontspec)             <->s*[1]"[LibertinusSans-Bold.otf]/OT:script=latn;language=dflt;slant=0.2;+lnum;-onum;+tnum;"
(fontspec)             - 'bold slanted small caps'  (b/scsl) with NFSS spec.:
(fontspec)             <->s*[1]"[LibertinusSans-Bold.otf]/OT:script=latn;language=dflt;slant=0.2;+lnum;-onum;+tnum;+smcp;"

Requested font "[LibertinusMono-Regular.otf]/OT" at 9.99997pt
 -> /usr/share/texlive/texmf-dist/fonts/opentype/public/libertinus-fonts/LibertinusMono-Regular.otf
Requested font "[LibertinusMono-Regular.otf]/OT" at 10.00003pt
 -> /usr/share/texlive/texmf-dist/fonts/opentype/public/libertinus-fonts/LibertinusMono-Regular.otf

Package fontspec Info: LibertinusMono-Regular scale = 0.8666631730804798.

Requested font "[LibertinusMono-Regular.otf]/OT:script=latn;language=dflt;" at 10.00003pt
 -> /usr/share/texlive/texmf-dist/fonts/opentype/public/libertinus-fonts/LibertinusMono-Regular.otf

Package fontspec Info: LibertinusMono-Regular scale = 0.8666631730804798.


Package fontspec Info: LibertinusMono-Regular scale = 0.8666631730804798.


Package fontspec Info: LibertinusMono-Regular scale = 0.8666631730804798.


Package fontspec Info: LibertinusMono-Regular scale = 0.8666631730804798.


Package fontspec Info: LibertinusMono-Regular scale = 0.8666631730804798.


Package fontspec Info: Font family 'LibertinusMono(0)' created for font
(fontspec)             'LibertinusMono' with options
(fontspec)             [WordSpace={1,0,0},HyphenChar=None,PunctuationSpace=WordSpace,RawFeature
(fontspec)             = {+tnum; +lnum},Scale = MatchLowercase,FakeStretch =
(fontspec)             0.9,UprightFont = *-Regular,ItalicFont =
(fontspec)             *-Regular,ItalicFeatures = {FakeSlant=0.2},SlantedFont
(fontspec)             = *-Regular,SlantedFeatures= {FakeSlant=0.2},BoldFont =
(fontspec)             *-Regular,BoldFeatures =
(fontspec)             {RawFeature={embolden=3}},BoldItalicFont =
(fontspec)             *-Regular,BoldItalicFeatures={FakeSlant=0.2,RawFeature={embolden=3}},Extension
(fontspec)             = .otf].
(fontspec)              
(fontspec)              This font family consists of the following NFSS
(fontspec)             series/shapes:
(fontspec)              
(fontspec)             - 'normal' (m/n) with NFSS spec.:
(fontspec)             <->s*[0.8666631730804798]"[LibertinusMono-Regular.otf]/OT:script=latn;language=dflt;extend=0.9;+tnum;
(fontspec)             +lnum;"
(fontspec)             - 'small caps'  (m/sc) with NFSS spec.: 
(fontspec)             and font adjustment code:
(fontspec)             \fontdimen 2\font =1\fontdimen 2\font \fontdimen 3\font
(fontspec)             =0\fontdimen 3\font \fontdimen 4\font =0\fontdimen
(fontspec)             4\font \fontdimen 7\font =0\fontdimen 2\font
(fontspec)             \tex_hyphenchar:D \font =-1\scan_stop: 
(fontspec)             - 'bold' (b/n) with NFSS spec.:
(fontspec)             <->s*[0.8666631730804798]"[LibertinusMono-Regular.otf]/OT:script=latn;language=dflt;extend=0.9;+tnum;
(fontspec)             +lnum;embolden=3;"
(fontspec)             - 'bold small caps'  (b/sc) with NFSS spec.: 
(fontspec)             and font adjustment code:
(fontspec)             \fontdimen 2\font =1\fontdimen 2\font \fontdimen 3\font
(fontspec)             =0\fontdimen 3\font \fontdimen 4\font =0\fontdimen
(fontspec)             4\font \fontdimen 7\font =0\fontdimen 2\font
(fontspec)             \tex_hyphenchar:D \font =-1\scan_stop: 
(fontspec)             - 'italic' (m/it) with NFSS spec.:
(fontspec)             <->s*[0.8666631730804798]"[LibertinusMono-Regular.otf]/OT:script=latn;language=dflt;extend=0.9;slant=0.2;+tnum;
(fontspec)             +lnum;"
(fontspec)             - 'italic small caps'  (m/scit) with NFSS spec.: 
(fontspec)             and font adjustment code:
(fontspec)             \fontdimen 2\font =1\fontdimen 2\font \fontdimen 3\font
(fontspec)             =0\fontdimen 3\font \fontdimen 4\font =0\fontdimen
(fontspec)             4\font \fontdimen 7\font =0\fontdimen 2\font
(fontspec)             \tex_hyphenchar:D \font =-1\scan_stop: 
(fontspec)             - 'slanted' (m/sl) with NFSS spec.:
(fontspec)             <->s*[0.8666631730804798]"[LibertinusMono-Regular.otf]/OT:script=latn;language=dflt;extend=0.9;slant=0.2;+tnum;
(fontspec)             +lnum;"
(fontspec)             - 'slanted small caps'  (m/scsl) with NFSS spec.: 
(fontspec)             and font adjustment code:
(fontspec)             \fontdimen 2\font =1\fontdimen 2\font \fontdimen 3\font
(fontspec)             =0\fontdimen 3\font \fontdimen 4\font =0\fontdimen
(fontspec)             4\font \fontdimen 7\font =0\fontdimen 2\font
(fontspec)             \tex_hyphenchar:D \font =-1\scan_stop: 
(fontspec)             - 'bold italic' (b/it) with NFSS spec.:
(fontspec)             <->s*[0.8666631730804798]"[LibertinusMono-Regular.otf]/OT:script=latn;language=dflt;extend=0.9;slant=0.2;+tnum;
(fontspec)             +lnum;embolden=3;"
(fontspec)             - 'bold italic small caps'  (b/scit) with NFSS spec.: 
(fontspec)             and font adjustment code:
(fontspec)             \fontdimen 2\font =1\fontdimen 2\font \fontdimen 3\font
(fontspec)             =0\fontdimen 3\font \fontdimen 4\font =0\fontdimen
(fontspec)             4\font \fontdimen 7\font =0\fontdimen 2\font
(fontspec)             \tex_hyphenchar:D \font =-1\scan_stop: 


Package fontspec Info: LibertinusMono-Regular scale = 0.8666631730804798.


Package fontspec Info: LibertinusMono-Regular scale = 0.8666631730804798.


Package fontspec Info: LibertinusMono-Regular scale = 0.8666631730804798.


Package fontspec Info: LibertinusMono-Regular scale = 0.8666631730804798.


Package fontspec Info: LibertinusMono-Regular scale = 0.8666631730804798.


Package fontspec Info: LibertinusMono-Regular scale = 0.8666631730804798.


Package fontspec Info: Font family 'LibertinusMono(1)' created for font
(fontspec)             'LibertinusMono' with options [RawFeature = {+tnum;
(fontspec)             +lnum},Scale = MatchLowercase,FakeStretch =
(fontspec)             0.9,UprightFont = *-Regular,ItalicFont =
(fontspec)             *-Regular,ItalicFeatures = {FakeSlant=0.2},SlantedFont
(fontspec)             = *-Regular,SlantedFeatures= {FakeSlant=0.2},BoldFont =
(fontspec)             *-Regular,BoldFeatures =
(fontspec)             {RawFeature={embolden=3}},BoldItalicFont =
(fontspec)             *-Regular,BoldItalicFeatures={FakeSlant=0.2,RawFeature={embolden=3}},Extension
(fontspec)             = .otf].
(fontspec)              
(fontspec)              This font family consists of the following NFSS
(fontspec)             series/shapes:
(fontspec)              
(fontspec)             - 'normal' (m/n) with NFSS spec.:
(fontspec)             <->s*[0.8666631730804798]"[LibertinusMono-Regular.otf]/OT:script=latn;language=dflt;extend=0.9;+tnum;
(fontspec)             +lnum;"
(fontspec)             - 'small caps'  (m/sc) with NFSS spec.: 
(fontspec)             - 'bold' (b/n) with NFSS spec.:
(fontspec)             <->s*[0.8666631730804798]"[LibertinusMono-Regular.otf]/OT:script=latn;language=dflt;extend=0.9;+tnum;
(fontspec)             +lnum;embolden=3;"
(fontspec)             - 'bold small caps'  (b/sc) with NFSS spec.: 
(fontspec)             - 'italic' (m/it) with NFSS spec.:
(fontspec)             <->s*[0.8666631730804798]"[LibertinusMono-Regular.otf]/OT:script=latn;language=dflt;extend=0.9;slant=0.2;+tnum;
(fontspec)             +lnum;"
(fontspec)             - 'italic small caps'  (m/scit) with NFSS spec.: 
(fontspec)             - 'slanted' (m/sl) with NFSS spec.:
(fontspec)             <->s*[0.8666631730804798]"[LibertinusMono-Regular.otf]/OT:script=latn;language=dflt;extend=0.9;slant=0.2;+tnum;
(fontspec)             +lnum;"
(fontspec)             - 'slanted small caps'  (m/scsl) with NFSS spec.: 
(fontspec)             - 'bold italic' (b/it) with NFSS spec.:
(fontspec)             <->s*[0.8666631730804798]"[LibertinusMono-Regular.otf]/OT:script=latn;language=dflt;extend=0.9;slant=0.2;+tnum;
(fontspec)             +lnum;embolden=3;"
(fontspec)             - 'bold italic small caps'  (b/scit) with NFSS spec.: 

LaTeX Font Info:    Overwriting math alphabet `\mathtt' in version `normal'
(Font)                  OT1/cmtt/m/n --> TU/LibertinusMono(1)/m/n on input line 250.
LaTeX Font Info:    Overwriting math alphabet `\mathtt' in version `bold'
(Font)                  OT1/cmtt/m/n --> TU/LibertinusMono(1)/b/n on input line 250.

*************************************
* Using libertinus math *
*************************************
Requested font "[LibertinusMath-Regular.otf]/OT" at 9.99997pt
 -> /usr/share/texlive/texmf-dist/fonts/opentype/public/libertinus-fonts/LibertinusMath-Regular.otf
Requested font "[LibertinusMath-Regular.otf]/OT" at 10.00003pt
 -> /usr/share/texlive/texmf-dist/fonts/opentype/public/libertinus-fonts/LibertinusMath-Regular.otf
Requested font "[LibertinusMath-Regular.otf]/OT:script=math;language=dflt;" at 10.00003pt
 -> /usr/share/texlive/texmf-dist/fonts/opentype/public/libertinus-fonts/LibertinusMath-Regular.otf

Package fontspec Info: Font family 'LibertinusMath-Regular.otf(0)' created for
(fontspec)             font 'LibertinusMath-Regular.otf' with options
(fontspec)             [BoldItalicFont={},ItalicFont={},SmallCapsFont={},Script=Math,RawFeature={}].
(fontspec)              
(fontspec)              This font family consists of the following NFSS
(fontspec)             series/shapes:
(fontspec)              
(fontspec)             - 'normal' (m/n) with NFSS spec.:
(fontspec)             <->"[LibertinusMath-Regular.otf]/OT:script=math;language=dflt;;"
(fontspec)             - 'small caps'  (m/sc) with NFSS spec.: 

Requested font "[LibertinusMath-Regular.otf]/OT:script=math;language=dflt;;" at 10.0pt
Unknown feature `' in font `[LibertinusMath-Regular.otf]/OT:script=math;language=dflt;;'.
 -> /usr/share/texlive/texmf-dist/fonts/opentype/public/libertinus-fonts/LibertinusMath-Regular.otf

Package fontspec Info: Font family 'LibertinusMath-Regular.otf(1)' created for
(fontspec)             font 'LibertinusMath-Regular.otf' with options
(fontspec)             [BoldItalicFont={},ItalicFont={},SmallCapsFont={},Script=Math,SizeFeatures={{Size=9-},{Size=7-9,Font=LibertinusMath-Regular.otf,Style=MathScript},{Size=-7,Font=LibertinusMath-Regular.otf,Style=MathScriptScript}},RawFeature={}].
(fontspec)              
(fontspec)              This font family consists of the following NFSS
(fontspec)             series/shapes:
(fontspec)              
(fontspec)             - 'normal' (m/n) with NFSS spec.:
(fontspec)             <9->"[LibertinusMath-Regular.otf]/OT:script=math;language=dflt;;"<7-9>"[LibertinusMath-Regular.otf]/OT:script=math;language=dflt;;+ssty=0;"<-7>"[LibertinusMath-Regular.otf]/OT:script=math;language=dflt;;+ssty=1;"
(fontspec)             - 'small caps'  (m/sc) with NFSS spec.: 

LaTeX Font Info:    Encoding `OT1' has changed to `TU' for symbol font
(Font)              `operators' in the math version `normal' on input line 428.
LaTeX Font Info:    Overwriting symbol font `operators' in version `normal'
(Font)                  OT1/cmr/m/n --> TU/LibertinusMath-Regular.otf(1)/m/n on input line 428.
LaTeX Font Info:    Encoding `OT1' has changed to `TU' for symbol font
(Font)              `operators' in the math version `bold' on input line 428.
LaTeX Font Info:    Overwriting symbol font `operators' in version `bold'
(Font)                  OT1/cmr/bx/n --> TU/LibertinusMath-Regular.otf(1)/b/n on input line 428.

Package fontspec Info: LibertinusMath-Regular scale = 1.0001.


Package fontspec Info: LibertinusMath-Regular scale = 1.0001.


Package fontspec Info: LibertinusMath-Regular scale = 1.0001.


Package fontspec Info: LibertinusMath-Regular scale = 1.0001.


Package fontspec Info: Font family 'LibertinusMath-Regular.otf(2)' created for
(fontspec)             font 'LibertinusMath-Regular.otf' with options
(fontspec)             [BoldItalicFont={},ItalicFont={},SmallCapsFont={},Script=Math,SizeFeatures={{Size=9-},{Size=7-9,Font=LibertinusMath-Regular.otf,Style=MathScript},{Size=-7,Font=LibertinusMath-Regular.otf,Style=MathScriptScript}},RawFeature={},ScaleAgain=1.0001,FontAdjustment={\fontdimen
(fontspec)             8\font =5.8pt\relax \fontdimen 9\font =4.8pt\relax
(fontspec)             \fontdimen 10\font =4.7pt\relax \fontdimen 11\font
(fontspec)             =7.0pt\relax \fontdimen 12\font =4.8pt\relax \fontdimen
(fontspec)             13\font =3.75pt\relax \fontdimen 14\font =3.75pt\relax
(fontspec)             \fontdimen 15\font =3.1pt\relax \fontdimen 16\font
(fontspec)             =2.1pt\relax \fontdimen 17\font =2.1pt\relax \fontdimen
(fontspec)             18\font =2.3pt\relax \fontdimen 19\font =0.45pt\relax
(fontspec)             \fontdimen 22\font =2.6pt\relax \fontdimen 20\font
(fontspec)             =0pt\relax \fontdimen 21\font =0pt\relax }].
(fontspec)              
(fontspec)              This font family consists of the following NFSS
(fontspec)             series/shapes:
(fontspec)              
(fontspec)             - 'normal' (m/n) with NFSS spec.:
(fontspec)             <9->s*[1.0001]"[LibertinusMath-Regular.otf]/OT:script=math;language=dflt;;"<7-9>s*[1.0001]"[LibertinusMath-Regular.otf]/OT:script=math;language=dflt;;+ssty=0;"<-7>s*[1.0001]"[LibertinusMath-Regular.otf]/OT:script=math;language=dflt;;+ssty=1;"
(fontspec)             - 'small caps'  (m/sc) with NFSS spec.: 
(fontspec)             and font adjustment code:
(fontspec)             \fontdimen 8\font =5.8pt\relax \fontdimen 9\font
(fontspec)             =4.8pt\relax \fontdimen 10\font =4.7pt\relax \fontdimen
(fontspec)             11\font =7.0pt\relax \fontdimen 12\font =4.8pt\relax
(fontspec)             \fontdimen 13\font =3.75pt\relax \fontdimen 14\font
(fontspec)             =3.75pt\relax \fontdimen 15\font =3.1pt\relax
(fontspec)             \fontdimen 16\font =2.1pt\relax \fontdimen 17\font
(fontspec)             =2.1pt\relax \fontdimen 18\font =2.3pt\relax \fontdimen
(fontspec)             19\font =0.45pt\relax \fontdimen 22\font =2.6pt\relax
(fontspec)             \fontdimen 20\font =0pt\relax \fontdimen 21\font
(fontspec)             =0pt\relax 

LaTeX Font Info:    Encoding `OMS' has changed to `TU' for symbol font
(Font)              `symbols' in the math version `normal' on input line 428.
LaTeX Font Info:    Overwriting symbol font `symbols' in version `normal'
(Font)                  OMS/cmsy/m/n --> TU/LibertinusMath-Regular.otf(2)/m/n on input line 428.
LaTeX Font Info:    Encoding `OMS' has changed to `TU' for symbol font
(Font)              `symbols' in the math version `bold' on input line 428.
LaTeX Font Info:    Overwriting symbol font `symbols' in version `bold'
(Font)                  OMS/cmsy/b/n --> TU/LibertinusMath-Regular.otf(2)/b/n on input line 428.

Package fontspec Info: LibertinusMath-Regular scale = 0.9999.


Package fontspec Info: LibertinusMath-Regular scale = 0.9999.


Package fontspec Info: LibertinusMath-Regular scale = 0.9999.


Package fontspec Info: LibertinusMath-Regular scale = 0.9999.


Package fontspec Info: Font family 'LibertinusMath-Regular.otf(3)' created for
(fontspec)             font 'LibertinusMath-Regular.otf' with options
(fontspec)             [BoldItalicFont={},ItalicFont={},SmallCapsFont={},Script=Math,SizeFeatures={{Size=9-},{Size=7-9,Font=LibertinusMath-Regular.otf,Style=MathScript},{Size=-7,Font=LibertinusMath-Regular.otf,Style=MathScriptScript}},RawFeature={},ScaleAgain=0.9999,FontAdjustment={\fontdimen
(fontspec)             8\font =0.65pt\relax \fontdimen 9\font =1.5pt\relax
(fontspec)             \fontdimen 10\font =1.5pt\relax \fontdimen 11\font
(fontspec)             =2.5pt\relax \fontdimen 12\font =6.2pt\relax \fontdimen
(fontspec)             13\font =0pt\relax }].
(fontspec)              
(fontspec)              This font family consists of the following NFSS
(fontspec)             series/shapes:
(fontspec)              
(fontspec)             - 'normal' (m/n) with NFSS spec.:
(fontspec)             <9->s*[0.9999]"[LibertinusMath-Regular.otf]/OT:script=math;language=dflt;;"<7-9>s*[0.9999]"[LibertinusMath-Regular.otf]/OT:script=math;language=dflt;;+ssty=0;"<-7>s*[0.9999]"[LibertinusMath-Regular.otf]/OT:script=math;language=dflt;;+ssty=1;"
(fontspec)             - 'small caps'  (m/sc) with NFSS spec.: 
(fontspec)             and font adjustment code:
(fontspec)             \fontdimen 8\font =0.65pt\relax \fontdimen 9\font
(fontspec)             =1.5pt\relax \fontdimen 10\font =1.5pt\relax \fontdimen
(fontspec)             11\font =2.5pt\relax \fontdimen 12\font =6.2pt\relax
(fontspec)             \fontdimen 13\font =0pt\relax 

LaTeX Font Info:    Encoding `OMX' has changed to `TU' for symbol font
(Font)              `largesymbols' in the math version `normal' on input line 428.
LaTeX Font Info:    Overwriting symbol font `largesymbols' in version `normal'
(Font)                  OMX/cmex/m/n --> TU/LibertinusMath-Regular.otf(3)/m/n on input line 428.
LaTeX Font Info:    Encoding `OMX' has changed to `TU' for symbol font
(Font)              `largesymbols' in the math version `bold' on input line 428.
LaTeX Font Info:    Overwriting symbol font `largesymbols' in version `bold'
(Font)                  OMX/cmex/m/n --> TU/LibertinusMath-Regular.otf(3)/b/n on input line 428.
LaTeX Font Info:    Redeclaring math version `bold' on input line 430.

Package fontspec Info: Font family 'LibertinusMath-Regular.otf(4)' created for
(fontspec)             font 'LibertinusMath-Regular.otf' with options
(fontspec)             [BoldItalicFont={},ItalicFont={},SmallCapsFont={},Script=Math,RawFeature={embolden=3,}].
(fontspec)              
(fontspec)              This font family consists of the following NFSS
(fontspec)             series/shapes:
(fontspec)              
(fontspec)             - 'normal' (m/n) with NFSS spec.:
(fontspec)             <->"[LibertinusMath-Regular.otf]/OT:script=math;language=dflt;embolden=3,;"
(fontspec)             - 'small caps'  (m/sc) with NFSS spec.: 

Requested font "[LibertinusMath-Regular.otf]/OT:script=math;language=dflt;embolden=3,;" at 10.0pt
Unknown feature `' in font `[LibertinusMath-Regular.otf]/OT:script=math;language=dflt;embolden=3,;'.
 -> /usr/share/texlive/texmf-dist/fonts/opentype/public/libertinus-fonts/LibertinusMath-Regular.otf

Package fontspec Info: Font family 'LibertinusMath-Regular.otf(5)' created for
(fontspec)             font 'LibertinusMath-Regular.otf' with options
(fontspec)             [BoldItalicFont={},ItalicFont={},SmallCapsFont={},Script=Math,SizeFeatures={{Size=9-},{Size=7-9,Font=LibertinusMath-Regular.otf,Style=MathScript},{Size=-7,Font=LibertinusMath-Regular.otf,Style=MathScriptScript}},RawFeature={embolden=3,}].
(fontspec)              
(fontspec)              This font family consists of the following NFSS
(fontspec)             series/shapes:
(fontspec)              
(fontspec)             - 'normal' (m/n) with NFSS spec.:
(fontspec)             <9->"[LibertinusMath-Regular.otf]/OT:script=math;language=dflt;embolden=3,;"<7-9>"[LibertinusMath-Regular.otf]/OT:script=math;language=dflt;embolden=3,;+ssty=0;"<-7>"[LibertinusMath-Regular.otf]/OT:script=math;language=dflt;embolden=3,;+ssty=1;"
(fontspec)             - 'small caps'  (m/sc) with NFSS spec.: 

LaTeX Font Info:    Encoding `OT1' has changed to `TU' for symbol font
(Font)              `operators' in the math version `bold' on input line 430.
LaTeX Font Info:    Overwriting symbol font `operators' in version `bold'
(Font)                  OT1/cmr/m/n --> TU/LibertinusMath-Regular.otf(5)/m/n on input line 430.

Package fontspec Info: LibertinusMath-Regular scale = 1.0001.


Package fontspec Info: LibertinusMath-Regular scale = 1.0001.


Package fontspec Info: LibertinusMath-Regular scale = 1.0001.


Package fontspec Info: LibertinusMath-Regular scale = 1.0001.


Package fontspec Info: Font family 'LibertinusMath-Regular.otf(6)' created for
(fontspec)             font 'LibertinusMath-Regular.otf' with options
(fontspec)             [BoldItalicFont={},ItalicFont={},SmallCapsFont={},Script=Math,SizeFeatures={{Size=9-},{Size=7-9,Font=LibertinusMath-Regular.otf,Style=MathScript},{Size=-7,Font=LibertinusMath-Regular.otf,Style=MathScriptScript}},RawFeature={embolden=3,},ScaleAgain=1.0001,FontAdjustment={\fontdimen
(fontspec)             8\font =5.8pt\relax \fontdimen 9\font =4.8pt\relax
(fontspec)             \fontdimen 10\font =4.7pt\relax \fontdimen 11\font
(fontspec)             =7.0pt\relax \fontdimen 12\font =4.8pt\relax \fontdimen
(fontspec)             13\font =3.75pt\relax \fontdimen 14\font =3.75pt\relax
(fontspec)             \fontdimen 15\font =3.1pt\relax \fontdimen 16\font
(fontspec)             =2.1pt\relax \fontdimen 17\font =2.1pt\relax \fontdimen
(fontspec)             18\font =2.3pt\relax \fontdimen 19\font =0.45pt\relax
(fontspec)             \fontdimen 22\font =2.6pt\relax \fontdimen 20\font
(fontspec)             =0pt\relax \fontdimen 21\font =0pt\relax }].
(fontspec)              
(fontspec)              This font family consists of the following NFSS
(fontspec)             series/shapes:
(fontspec)              
(fontspec)             - 'normal' (m/n) with NFSS spec.:
(fontspec)             <9->s*[1.0001]"[LibertinusMath-Regular.otf]/OT:script=math;language=dflt;embolden=3,;"<7-9>s*[1.0001]"[LibertinusMath-Regular.otf]/OT:script=math;language=dflt;embolden=3,;+ssty=0;"<-7>s*[1.0001]"[LibertinusMath-Regular.otf]/OT:script=math;language=dflt;embolden=3,;+ssty=1;"
(fontspec)             - 'small caps'  (m/sc) with NFSS spec.: 
(fontspec)             and font adjustment code:
(fontspec)             \fontdimen 8\font =5.8pt\relax \fontdimen 9\font
(fontspec)             =4.8pt\relax \fontdimen 10\font =4.7pt\relax \fontdimen
(fontspec)             11\font =7.0pt\relax \fontdimen 12\font =4.8pt\relax
(fontspec)             \fontdimen 13\font =3.75pt\relax \fontdimen 14\font
(fontspec)             =3.75pt\relax \fontdimen 15\font =3.1pt\relax
(fontspec)             \fontdimen 16\font =2.1pt\relax \fontdimen 17\font
(fontspec)             =2.1pt\relax \fontdimen 18\font =2.3pt\relax \fontdimen
(fontspec)             19\font =0.45pt\relax \fontdimen 22\font =2.6pt\relax
(fontspec)             \fontdimen 20\font =0pt\relax \fontdimen 21\font
(fontspec)             =0pt\relax 

LaTeX Font Info:    Encoding `OMS' has changed to `TU' for symbol font
(Font)              `symbols' in the math version `bold' on input line 430.
LaTeX Font Info:    Overwriting symbol font `symbols' in version `bold'
(Font)                  OMS/cmsy/m/n --> TU/LibertinusMath-Regular.otf(6)/m/n on input line 430.

Package fontspec Info: LibertinusMath-Regular scale = 0.9999.


Package fontspec Info: LibertinusMath-Regular scale = 0.9999.


Package fontspec Info: LibertinusMath-Regular scale = 0.9999.


Package fontspec Info: LibertinusMath-Regular scale = 0.9999.


Package fontspec Info: Font family 'LibertinusMath-Regular.otf(7)' created for
(fontspec)             font 'LibertinusMath-Regular.otf' with options
(fontspec)             [BoldItalicFont={},ItalicFont={},SmallCapsFont={},Script=Math,SizeFeatures={{Size=9-},{Size=7-9,Font=LibertinusMath-Regular.otf,Style=MathScript},{Size=-7,Font=LibertinusMath-Regular.otf,Style=MathScriptScript}},RawFeature={embolden=3,},ScaleAgain=0.9999,FontAdjustment={\fontdimen
(fontspec)             8\font =0.65pt\relax \fontdimen 9\font =1.5pt\relax
(fontspec)             \fontdimen 10\font =1.5pt\relax \fontdimen 11\font
(fontspec)             =2.5pt\relax \fontdimen 12\font =6.2pt\relax \fontdimen
(fontspec)             13\font =0pt\relax }].
(fontspec)              
(fontspec)              This font family consists of the following NFSS
(fontspec)             series/shapes:
(fontspec)              
(fontspec)             - 'normal' (m/n) with NFSS spec.:
(fontspec)             <9->s*[0.9999]"[LibertinusMath-Regular.otf]/OT:script=math;language=dflt;embolden=3,;"<7-9>s*[0.9999]"[LibertinusMath-Regular.otf]/OT:script=math;language=dflt;embolden=3,;+ssty=0;"<-7>s*[0.9999]"[LibertinusMath-Regular.otf]/OT:script=math;language=dflt;embolden=3,;+ssty=1;"
(fontspec)             - 'small caps'  (m/sc) with NFSS spec.: 
(fontspec)             and font adjustment code:
(fontspec)             \fontdimen 8\font =0.65pt\relax \fontdimen 9\font
(fontspec)             =1.5pt\relax \fontdimen 10\font =1.5pt\relax \fontdimen
(fontspec)             11\font =2.5pt\relax \fontdimen 12\font =6.2pt\relax
(fontspec)             \fontdimen 13\font =0pt\relax 

LaTeX Font Info:    Encoding `OMX' has changed to `TU' for symbol font
(Font)              `largesymbols' in the math version `bold' on input line 430.
LaTeX Font Info:    Overwriting symbol font `largesymbols' in version `bold'
(Font)                  OMX/cmex/m/n --> TU/LibertinusMath-Regular.otf(7)/m/n on input line 430.
Requested font "[LibertinusKeyboard-Regular.otf]" scaled 1000
 -> /usr/share/texlive/texmf-dist/fonts/opentype/public/libertinus-fonts/LibertinusKeyboard-Regular.otf
Requested font "[LibertinusSerifDisplay-Regular.otf]/OT" at 9.99997pt
 -> /usr/share/texlive/texmf-dist/fonts/opentype/public/libertinus-fonts/LibertinusSerifDisplay-Regular.otf
Requested font "[LibertinusSerifDisplay-Regular.otf]/OT" at 10.00003pt
 -> /usr/share/texlive/texmf-dist/fonts/opentype/public/libertinus-fonts/LibertinusSerifDisplay-Regular.otf
Requested font "[LibertinusSerifDisplay-Regular.otf]/OT:script=latn;language=dflt;" at 10.00003pt
 -> /usr/share/texlive/texmf-dist/fonts/opentype/public/libertinus-fonts/LibertinusSerifDisplay-Regular.otf

Package fontspec Info: Font family 'LibertinusSerifDisplay-Regular.otf(0)'
(fontspec)             created for font 'LibertinusSerifDisplay-Regular.otf'
(fontspec)             with options [].
(fontspec)              
(fontspec)              This font family consists of the following NFSS
(fontspec)             series/shapes:
(fontspec)              
(fontspec)             - 'normal' (m/n) with NFSS spec.:
(fontspec)             <->"[LibertinusSerifDisplay-Regular.otf]/OT:script=latn;language=dflt;"
(fontspec)             - 'small caps'  (m/sc) with NFSS spec.: 

Requested font "[LibertinusSerifInitials-Regular.otf]/OT" at 9.99997pt
 -> /usr/share/texlive/texmf-dist/fonts/opentype/public/libertinus-fonts/LibertinusSerifInitials-Regular.otf
Requested font "[LibertinusSerifInitials-Regular.otf]/OT" at 10.00003pt
 -> /usr/share/texlive/texmf-dist/fonts/opentype/public/libertinus-fonts/LibertinusSerifInitials-Regular.otf
Requested font "[LibertinusSerifInitials-Regular.otf]/OT:language=dflt;" at 10.00003pt
 -> /usr/share/texlive/texmf-dist/fonts/opentype/public/libertinus-fonts/LibertinusSerifInitials-Regular.otf

Package fontspec Info: Font family 'LibertinusSerifInitials-Regular.otf(0)'
(fontspec)             created for font 'LibertinusSerifInitials-Regular.otf'
(fontspec)             with options [].
(fontspec)              
(fontspec)              This font family consists of the following NFSS
(fontspec)             series/shapes:
(fontspec)              
(fontspec)             - 'normal' (m/n) with NFSS spec.:
(fontspec)             <->"[LibertinusSerifInitials-Regular.otf]/OT:language=dflt;"
(fontspec)             - 'small caps'  (m/sc) with NFSS spec.: 

))
Package hyperref Info: Option `colorlinks' set `true' on input line 23.
 (./solution.aux)
\openout1 = `solution.aux'.

LaTeX Font Info:    Checking defaults for OML/cmm/m/it on input line 37.
LaTeX Font Info:    ... okay on input line 37.
LaTeX Font Info:    Checking defaults for OMS/cmsy/m/n on input line 37.
LaTeX Font Info:    ... okay on input line 37.
LaTeX Font Info:    Checking defaults for OT1/cmr/m/n on input line 37.
LaTeX Font Info:    ... okay on input line 37.
LaTeX Font Info:    Checking defaults for T1/cmr/m/n on input line 37.
LaTeX Font Info:    ... okay on input line 37.
LaTeX Font Info:    Checking defaults for TS1/cmr/m/n on input line 37.
LaTeX Font Info:    ... okay on input line 37.
LaTeX Font Info:    Checking defaults for TU/lmr/m/n on input line 37.
LaTeX Font Info:    ... okay on input line 37.
LaTeX Font Info:    Checking defaults for OMX/cmex/m/n on input line 37.
LaTeX Font Info:    ... okay on input line 37.
LaTeX Font Info:    Checking defaults for U/cmr/m/n on input line 37.
LaTeX Font Info:    ... okay on input line 37.
LaTeX Font Info:    Checking defaults for PD1/pdf/m/n on input line 37.
LaTeX Font Info:    ... okay on input line 37.
LaTeX Font Info:    Checking defaults for PU/pdf/m/n on input line 37.
LaTeX Font Info:    ... okay on input line 37.

*geometry* driver: auto-detecting
*geometry* detected driver: xetex
*geometry* verbose mode - [ preamble ] result:
* driver: xetex
* paper: <default>
* layout: <same size as paper>
* layoutoffset:(h,v)=(0.0pt,0.0pt)
* modes: 
* h-part:(L,W,R)=(72.26999pt, 469.75502pt, 72.26999pt)
* v-part:(T,H,B)=(72.26999pt, 650.43001pt, 72.26999pt)
* \paperwidth=614.295pt
* \paperheight=794.96999pt
* \textwidth=469.75502pt
* \textheight=650.43001pt
* \oddsidemargin=0.0pt
* \evensidemargin=0.0pt
* \topmargin=-37.0pt
* \headheight=12.0pt
* \headsep=25.0pt
* \topskip=10.0pt
* \footskip=30.0pt
* \marginparwidth=65.0pt
* \marginparsep=11.0pt
* \columnsep=10.0pt
* \skip\footins=9.0pt plus 4.0pt minus 2.0pt
* \hoffset=0.0pt
* \voffset=0.0pt
* \mag=1000
* \@twocolumnfalse
* \@twosidefalse
* \@mparswitchfalse
* \@reversemarginfalse
* (1in=72.27pt=25.4mm, 1cm=28.453pt)

\c@lstlisting=\count338
Package hyperref Info: Link coloring ON on input line 37.
(./solution.out) (./solution.out)
\@outlinefile=\write4
\openout4 = `solution.out'.



Package unicode-math Warning: Using \overbracket and \underbracket from
(unicode-math)                `mathtools' package.
(unicode-math)                 
(unicode-math)                 Use \Uoverbracket and \Uunderbracket for
(unicode-math)                original `unicode-math' definition.


Package unicode-math Warning: I'm going to overwrite the following commands
(unicode-math)                from the `mathtools' package: 
(unicode-math)                 
(unicode-math)                     \dblcolon, \coloneqq, \Coloneqq, \eqqcolon.
(unicode-math)                
(unicode-math)                 
(unicode-math)                 Note that since I won't overwrite the other
(unicode-math)                colon-like commands, using them will lead to
(unicode-math)                inconsistencies.

LaTeX Font Info:    Font shape `TU/LibertinusSerif(0)/b/n' will be
(Font)              scaled to size 10.0pt on input line 39.
Requested font "[LibertinusSerif-Bold.otf]/OT:script=latn;language=dflt;+tnum;+lnum;mapping=tex-text;" at 10.0pt
 -> /usr/share/texlive/texmf-dist/fonts/opentype/public/libertinus-fonts/LibertinusSerif-Bold.otf
Requested font "[LibertinusMath-Regular.otf]/OT:script=math;language=dflt;;+ssty=0;" at 8.0pt
Unknown feature `' in font `[LibertinusMath-Regular.otf]/OT:script=math;language=dflt;;+ssty=0;'.
 -> /usr/share/texlive/texmf-dist/fonts/opentype/public/libertinus-fonts/LibertinusMath-Regular.otf
Requested font "[LibertinusMath-Regular.otf]/OT:script=math;language=dflt;;+ssty=1;" at 6.0pt
Unknown feature `' in font `[LibertinusMath-Regular.otf]/OT:script=math;language=dflt;;+ssty=1;'.
 -> /usr/share/texlive/texmf-dist/fonts/opentype/public/libertinus-fonts/LibertinusMath-Regular.otf
Requested font "cmmi8" at 8.0pt
 -> /usr/share/texlive/texmf-dist/fonts/tfm/public/cm/cmmi8.tfm
Requested font "cmmi6" at 6.0pt
 -> /usr/share/texlive/texmf-dist/fonts/tfm/public/cm/cmmi6.tfm
LaTeX Font Info:    Font shape `TU/LibertinusMath-Regular.otf(2)/m/n' will be
(Font)              scaled to size 10.00107pt on input line 40.
Requested font "[LibertinusMath-Regular.otf]/OT:script=math;language=dflt;;" at 10.00107pt
Unknown feature `' in font `[LibertinusMath-Regular.otf]/OT:script=math;language=dflt;;'.
 -> /usr/share/texlive/texmf-dist/fonts/opentype/public/libertinus-fonts/LibertinusMath-Regular.otf
LaTeX Font Info:    Font shape `TU/LibertinusMath-Regular.otf(2)/m/n' will be
(Font)              scaled to size 8.00085pt on input line 40.
Requested font "[LibertinusMath-Regular.otf]/OT:script=math;language=dflt;;+ssty=0;" at 8.00085pt
Unknown feature `' in font `[LibertinusMath-Regular.otf]/OT:script=math;language=dflt;;+ssty=0;'.
 -> /usr/share/texlive/texmf-dist/fonts/opentype/public/libertinus-fonts/LibertinusMath-Regular.otf
LaTeX Font Info:    Font shape `TU/LibertinusMath-Regular.otf(2)/m/n' will be
(Font)              scaled to size 6.00064pt on input line 40.
Requested font "[LibertinusMath-Regular.otf]/OT:script=math;language=dflt;;+ssty=1;" at 6.00064pt
Unknown feature `' in font `[LibertinusMath-Regular.otf]/OT:script=math;language=dflt;;+ssty=1;'.
 -> /usr/share/texlive/texmf-dist/fonts/opentype/public/libertinus-fonts/LibertinusMath-Regular.otf
LaTeX Font Info:    Font shape `TU/LibertinusMath-Regular.otf(3)/m/n' will be
(Font)              scaled to size 9.99893pt on input line 40.
Requested font "[LibertinusMath-Regular.otf]/OT:script=math;language=dflt;;" at 9.99893pt
Unknown feature `' in font `[LibertinusMath-Regular.otf]/OT:script=math;language=dflt;;'.
 -> /usr/share/texlive/texmf-dist/fonts/opentype/public/libertinus-fonts/LibertinusMath-Regular.otf
LaTeX Font Info:    Font shape `TU/LibertinusMath-Regular.otf(3)/m/n' will be
(Font)              scaled to size 7.99915pt on input line 40.
Requested font "[LibertinusMath-Regular.otf]/OT:script=math;language=dflt;;+ssty=0;" at 7.99915pt
Unknown feature `' in font `[LibertinusMath-Regular.otf]/OT:script=math;language=dflt;;+ssty=0;'.
 -> /usr/share/texlive/texmf-dist/fonts/opentype/public/libertinus-fonts/LibertinusMath-Regular.otf
LaTeX Font Info:    Font shape `TU/LibertinusMath-Regular.otf(3)/m/n' will be
(Font)              scaled to size 5.99936pt on input line 40.
Requested font "[LibertinusMath-Regular.otf]/OT:script=math;language=dflt;;+ssty=1;" at 5.99936pt
Unknown feature `' in font `[LibertinusMath-Regular.otf]/OT:script=math;language=dflt;;+ssty=1;'.
 -> /usr/share/texlive/texmf-dist/fonts/opentype/public/libertinus-fonts/LibertinusMath-Regular.otf
LaTeX Font Info:    Trying to load font information for U+msa on input line 40.
(/usr/share/texlive/texmf-dist/tex/latex/amsfonts/umsa.fd
File: umsa.fd 2013/01/14 v3.01 AMS symbols A
)
Requested font "msam10" at 10.0pt
 -> /usr/share/texlive/texmf-dist/fonts/tfm/public/amsfonts/symbols/msam10.tfm
Requested font "msam10" at 8.0pt
 -> /usr/share/texlive/texmf-dist/fonts/tfm/public/amsfonts/symbols/msam10.tfm
Requested font "msam7" at 6.0pt
 -> /usr/share/texlive/texmf-dist/fonts/tfm/public/amsfonts/symbols/msam7.tfm
LaTeX Font Info:    Trying to load font information for U+msb on input line 40.
 (/usr/share/texlive/texmf-dist/tex/latex/amsfonts/umsb.fd
File: umsb.fd 2013/01/14 v3.01 AMS symbols B
)
Requested font "msbm10" at 10.0pt
 -> /usr/share/texlive/texmf-dist/fonts/tfm/public/amsfonts/symbols/msbm10.tfm
Requested font "msbm10" at 8.0pt
 -> /usr/share/texlive/texmf-dist/fonts/tfm/public/amsfonts/symbols/msbm10.tfm
Requested font "msbm7" at 6.0pt
 -> /usr/share/texlive/texmf-dist/fonts/tfm/public/amsfonts/symbols/msbm7.tfm
LaTeX Font Info:    Font shape `TU/LibertinusSerif(0)/m/n' will be
(Font)              scaled to size 8.0pt on input line 53.
Requested font "[LibertinusSerif-Regular.otf]/OT:script=latn;language=dflt;+tnum;+lnum;mapping=tex-text;" at 8.0pt
 -> /usr/share/texlive/texmf-dist/fonts/opentype/public/libertinus-fonts/LibertinusSerif-Regular.otf
LaTeX Font Info:    Font shape `TU/LibertinusSerif(0)/m/n' will be
(Font)              scaled to size 6.0pt on input line 53.
Requested font "[LibertinusSerif-Regular.otf]/OT:script=latn;language=dflt;+tnum;+lnum;mapping=tex-text;" at 6.0pt
 -> /usr/share/texlive/texmf-dist/fonts/opentype/public/libertinus-fonts/LibertinusSerif-Regular.otf
LaTeX Font Info:    Font shape `TU/LibertinusSerif(1)/b/n' will be
(Font)              scaled to size 10.0pt on input line 60.
Requested font "[LibertinusSerif-Bold.otf]/OT:script=latn;language=dflt;+tnum;+lnum;" at 10.0pt
 -> /usr/share/texlive/texmf-dist/fonts/opentype/public/libertinus-fonts/LibertinusSerif-Bold.otf
LaTeX Font Info:    Font shape `TU/LibertinusSerif(1)/b/n' will be
(Font)              scaled to size 8.0pt on input line 60.
Requested font "[LibertinusSerif-Bold.otf]/OT:script=latn;language=dflt;+tnum;+lnum;" at 8.0pt
 -> /usr/share/texlive/texmf-dist/fonts/opentype/public/libertinus-fonts/LibertinusSerif-Bold.otf
LaTeX Font Info:    Font shape `TU/LibertinusSerif(1)/b/n' will be
(Font)              scaled to size 6.0pt on input line 60.
Requested font "[LibertinusSerif-Bold.otf]/OT:script=latn;language=dflt;+tnum;+lnum;" at 6.0pt
 -> /usr/share/texlive/texmf-dist/fonts/opentype/public/libertinus-fonts/LibertinusSerif-Bold.otf
 [1

]
LaTeX Font Info:    Font shape `TU/LibertinusSerif(0)/m/n' will be
(Font)              scaled to size 9.0pt on input line 116.
Requested font "[LibertinusSerif-Regular.otf]/OT:script=latn;language=dflt;+tnum;+lnum;mapping=tex-text;" at 9.0pt
 -> /usr/share/texlive/texmf-dist/fonts/opentype/public/libertinus-fonts/LibertinusSerif-Regular.otf

Overfull \hbox (42.75697pt too wide) in paragraph at lines 114--121
\TU/LibertinusSerif(0)/m/n/9 MATHEMATICSISTHEQUEENOFTHESCIENCESANDNUMBERTHEORYISTHEQUEENOFMATHEMATICSCARLFRIEDRICHGAUSS
 []

[2] 
enddocument/afterlastpage: lastpage setting LastPage.
(./solution.aux)
Package rerunfilecheck Info: File `solution.out' has not changed.
(rerunfilecheck)             Checksum: D41D8CD98F00B204E9800998ECF8427E;0.
 ) 
Here is how much of TeX's memory you used:
 29708 strings out of 478651
 593158 string characters out of 5848366
 1877018 words of memory out of 6000000
 49339 multiletter control sequences out of 15000+600000
 515703 words of font info for 87 fonts, out of 8000000 for 9000
 34 hyphenation exceptions out of 8191
 116i,14n,151p,421b,579s stack positions out of 10000i,1000n,20000p,200000b,200000s

Output written on solution.xdv (2 pages, 35376 bytes).
